INFO - 2023-08-09 01:03:32 --> Session: Class initialized using 'CodeIgniter\Session\Handlers\FileHandler' driver.
CRITICAL - 2023-08-09 01:03:39 --> Invalid file: "/dashboard.php"
in SYSTEMPATH\Exceptions\FrameworkException.php on line 33.
 1 SYSTEMPATH\View\View.php(212): CodeIgniter\Exceptions\FrameworkException::forInvalidFile('/dashboard.php')
 2 SYSTEMPATH\Common.php(1176): CodeIgniter\View\View->render('/dashboard', [], true)
 3 APPPATH\Controllers\LoginController.php(49): view('/dashboard')
 4 SYSTEMPATH\CodeIgniter.php(932): App\Controllers\LoginController->index()
 5 SYSTEMPATH\CodeIgniter.php(497): CodeIgniter\CodeIgniter->runController(Object(App\Controllers\LoginController))
 6 SYSTEMPATH\CodeIgniter.php(366): CodeIgniter\CodeIgniter->handleRequest(null, Object(Config\Cache), false)
 7 FCPATH\index.php(67): CodeIgniter\CodeIgniter->run()
 8 SYSTEMPATH\Commands\Server\rewrite.php(47): require_once('E:\\xampp\\htdocs\\BPSI\\public\\index.php')
ERROR - 2023-08-09 01:14:01 --> Error connecting to the database: mysqli_sql_exception: No connection could be made because the target machine actively refused it in E:\xampp\htdocs\BPSI\system\Database\MySQLi\Connection.php:174
Stack trace:
#0 E:\xampp\htdocs\BPSI\system\Database\MySQLi\Connection.php(174): mysqli->real_connect('localhost', 'root', '', 'db_bpsi', 3306, '', 0)
#1 E:\xampp\htdocs\BPSI\system\Database\BaseConnection.php(391): CodeIgniter\Database\MySQLi\Connection->connect(false)
#2 E:\xampp\htdocs\BPSI\system\Database\BaseConnection.php(574): CodeIgniter\Database\BaseConnection->initialize()
#3 E:\xampp\htdocs\BPSI\system\Database\BaseBuilder.php(1616): CodeIgniter\Database\BaseConnection->query('SELECT *\nFROM `...', Array, false)
#4 E:\xampp\htdocs\BPSI\system\Model.php(268): CodeIgniter\Database\BaseBuilder->get()
#5 E:\xampp\htdocs\BPSI\system\BaseModel.php(656): CodeIgniter\Model->doFirst()
#6 E:\xampp\htdocs\BPSI\app\Controllers\Home.php(12): CodeIgniter\BaseModel->first()
#7 E:\xampp\htdocs\BPSI\system\CodeIgniter.php(932): App\Controllers\Home->index()
#8 E:\xampp\htdocs\BPSI\system\CodeIgniter.php(497): CodeIgniter\CodeIgniter->runController(Object(App\Controllers\Home))
#9 E:\xampp\htdocs\BPSI\system\CodeIgniter.php(366): CodeIgniter\CodeIgniter->handleRequest(NULL, Object(Config\Cache), false)
#10 E:\xampp\htdocs\BPSI\public\index.php(67): CodeIgniter\CodeIgniter->run()
#11 E:\xampp\htdocs\BPSI\system\Commands\Server\rewrite.php(47): require_once('E:\\xampp\\htdocs...')
#12 {main}

Next CodeIgniter\Database\Exceptions\DatabaseException: No connection could be made because the target machine actively refused it in E:\xampp\htdocs\BPSI\system\Database\MySQLi\Connection.php:218
Stack trace:
#0 E:\xampp\htdocs\BPSI\system\Database\BaseConnection.php(391): CodeIgniter\Database\MySQLi\Connection->connect(false)
#1 E:\xampp\htdocs\BPSI\system\Database\BaseConnection.php(574): CodeIgniter\Database\BaseConnection->initialize()
#2 E:\xampp\htdocs\BPSI\system\Database\BaseBuilder.php(1616): CodeIgniter\Database\BaseConnection->query('SELECT *\nFROM `...', Array, false)
#3 E:\xampp\htdocs\BPSI\system\Model.php(268): CodeIgniter\Database\BaseBuilder->get()
#4 E:\xampp\htdocs\BPSI\system\BaseModel.php(656): CodeIgniter\Model->doFirst()
#5 E:\xampp\htdocs\BPSI\app\Controllers\Home.php(12): CodeIgniter\BaseModel->first()
#6 E:\xampp\htdocs\BPSI\system\CodeIgniter.php(932): App\Controllers\Home->index()
#7 E:\xampp\htdocs\BPSI\system\CodeIgniter.php(497): CodeIgniter\CodeIgniter->runController(Object(App\Controllers\Home))
#8 E:\xampp\htdocs\BPSI\system\CodeIgniter.php(366): CodeIgniter\CodeIgniter->handleRequest(NULL, Object(Config\Cache), false)
#9 E:\xampp\htdocs\BPSI\public\index.php(67): CodeIgniter\CodeIgniter->run()
#10 E:\xampp\htdocs\BPSI\system\Commands\Server\rewrite.php(47): require_once('E:\\xampp\\htdocs...')
#11 {main}
CRITICAL - 2023-08-09 01:14:01 --> Unable to connect to the database.
Main connection [MySQLi]: No connection could be made because the target machine actively refused it
in SYSTEMPATH\Database\BaseConnection.php on line 427.
 1 SYSTEMPATH\Database\BaseConnection.php(574): CodeIgniter\Database\BaseConnection->initialize()
 2 SYSTEMPATH\Database\BaseBuilder.php(1616): CodeIgniter\Database\BaseConnection->query('SELECT *
FROM `bpsi`
ORDER BY `waktu` DESC
 LIMIT 1', [], false)
 3 SYSTEMPATH\Model.php(268): CodeIgniter\Database\BaseBuilder->get()
 4 SYSTEMPATH\BaseModel.php(656): CodeIgniter\Model->doFirst()
 5 APPPATH\Controllers\Home.php(12): CodeIgniter\BaseModel->first()
 6 SYSTEMPATH\CodeIgniter.php(932): App\Controllers\Home->index()
 7 SYSTEMPATH\CodeIgniter.php(497): CodeIgniter\CodeIgniter->runController(Object(App\Controllers\Home))
 8 SYSTEMPATH\CodeIgniter.php(366): CodeIgniter\CodeIgniter->handleRequest(null, Object(Config\Cache), false)
 9 FCPATH\index.php(67): CodeIgniter\CodeIgniter->run()
10 SYSTEMPATH\Commands\Server\rewrite.php(47): require_once('E:\\xampp\\htdocs\\BPSI\\public\\index.php')
INFO - 2023-08-09 05:44:49 --> Session: Class initialized using 'CodeIgniter\Session\Handlers\FileHandler' driver.
