CRITICAL - 2023-08-06 00:13:57 --> Undefined variable $baseURL
in APPPATH\Views\template\admin.php on line 230.
 1 APPPATH\Views\template\admin.php(230): CodeIgniter\Debug\Exceptions->errorHandler(2, 'Undefined variable $baseURL', 'E:\\xampp\\htdocs\\BPSI\\app\\Views\\template\\admin.php', 230)
 2 SYSTEMPATH\View\View.php(224): include('E:\\xampp\\htdocs\\BPSI\\app\\Views\\template\\admin.php')
 3 SYSTEMPATH\View\View.php(227): CodeIgniter\View\View->CodeIgniter\View\{closure}()
 4 SYSTEMPATH\View\View.php(240): CodeIgniter\View\View->render('template/admin', [], true)
 5 SYSTEMPATH\Common.php(1176): CodeIgniter\View\View->render('index', [], true)
 6 APPPATH\Controllers\Home.php(9): view('index')
 7 SYSTEMPATH\CodeIgniter.php(932): App\Controllers\Home->index()
 8 SYSTEMPATH\CodeIgniter.php(497): CodeIgniter\CodeIgniter->runController(Object(App\Controllers\Home))
 9 SYSTEMPATH\CodeIgniter.php(366): CodeIgniter\CodeIgniter->handleRequest(null, Object(Config\Cache), false)
10 FCPATH\index.php(67): CodeIgniter\CodeIgniter->run()
11 SYSTEMPATH\Commands\Server\rewrite.php(47): require_once('E:\\xampp\\htdocs\\BPSI\\public\\index.php')
CRITICAL - 2023-08-06 00:15:10 --> Undefined variable $baseURL
in APPPATH\Views\template\admin.php on line 230.
 1 APPPATH\Views\template\admin.php(230): CodeIgniter\Debug\Exceptions->errorHandler(2, 'Undefined variable $baseURL', 'E:\\xampp\\htdocs\\BPSI\\app\\Views\\template\\admin.php', 230)
 2 SYSTEMPATH\View\View.php(224): include('E:\\xampp\\htdocs\\BPSI\\app\\Views\\template\\admin.php')
 3 SYSTEMPATH\View\View.php(227): CodeIgniter\View\View->CodeIgniter\View\{closure}()
 4 SYSTEMPATH\View\View.php(240): CodeIgniter\View\View->render('template/admin', [], true)
 5 SYSTEMPATH\Common.php(1176): CodeIgniter\View\View->render('index', [], true)
 6 APPPATH\Controllers\Home.php(9): view('index')
 7 SYSTEMPATH\CodeIgniter.php(932): App\Controllers\Home->index()
 8 SYSTEMPATH\CodeIgniter.php(497): CodeIgniter\CodeIgniter->runController(Object(App\Controllers\Home))
 9 SYSTEMPATH\CodeIgniter.php(366): CodeIgniter\CodeIgniter->handleRequest(null, Object(Config\Cache), false)
10 FCPATH\index.php(67): CodeIgniter\CodeIgniter->run()
11 SYSTEMPATH\Commands\Server\rewrite.php(47): require_once('E:\\xampp\\htdocs\\BPSI\\public\\index.php')
CRITICAL - 2023-08-06 00:15:12 --> Undefined variable $baseURL
in APPPATH\Views\template\admin.php on line 230.
 1 APPPATH\Views\template\admin.php(230): CodeIgniter\Debug\Exceptions->errorHandler(2, 'Undefined variable $baseURL', 'E:\\xampp\\htdocs\\BPSI\\app\\Views\\template\\admin.php', 230)
 2 SYSTEMPATH\View\View.php(224): include('E:\\xampp\\htdocs\\BPSI\\app\\Views\\template\\admin.php')
 3 SYSTEMPATH\View\View.php(227): CodeIgniter\View\View->CodeIgniter\View\{closure}()
 4 SYSTEMPATH\View\View.php(240): CodeIgniter\View\View->render('template/admin', [], true)
 5 SYSTEMPATH\Common.php(1176): CodeIgniter\View\View->render('index', [], true)
 6 APPPATH\Controllers\Home.php(9): view('index')
 7 SYSTEMPATH\CodeIgniter.php(932): App\Controllers\Home->index()
 8 SYSTEMPATH\CodeIgniter.php(497): CodeIgniter\CodeIgniter->runController(Object(App\Controllers\Home))
 9 SYSTEMPATH\CodeIgniter.php(366): CodeIgniter\CodeIgniter->handleRequest(null, Object(Config\Cache), false)
10 FCPATH\index.php(67): CodeIgniter\CodeIgniter->run()
11 SYSTEMPATH\Commands\Server\rewrite.php(47): require_once('E:\\xampp\\htdocs\\BPSI\\public\\index.php')
CRITICAL - 2023-08-06 00:15:13 --> Undefined variable $baseURL
in APPPATH\Views\template\admin.php on line 230.
 1 APPPATH\Views\template\admin.php(230): CodeIgniter\Debug\Exceptions->errorHandler(2, 'Undefined variable $baseURL', 'E:\\xampp\\htdocs\\BPSI\\app\\Views\\template\\admin.php', 230)
 2 SYSTEMPATH\View\View.php(224): include('E:\\xampp\\htdocs\\BPSI\\app\\Views\\template\\admin.php')
 3 SYSTEMPATH\View\View.php(227): CodeIgniter\View\View->CodeIgniter\View\{closure}()
 4 SYSTEMPATH\View\View.php(240): CodeIgniter\View\View->render('template/admin', [], true)
 5 SYSTEMPATH\Common.php(1176): CodeIgniter\View\View->render('index', [], true)
 6 APPPATH\Controllers\Home.php(9): view('index')
 7 SYSTEMPATH\CodeIgniter.php(932): App\Controllers\Home->index()
 8 SYSTEMPATH\CodeIgniter.php(497): CodeIgniter\CodeIgniter->runController(Object(App\Controllers\Home))
 9 SYSTEMPATH\CodeIgniter.php(366): CodeIgniter\CodeIgniter->handleRequest(null, Object(Config\Cache), false)
10 FCPATH\index.php(67): CodeIgniter\CodeIgniter->run()
11 SYSTEMPATH\Commands\Server\rewrite.php(47): require_once('E:\\xampp\\htdocs\\BPSI\\public\\index.php')
CRITICAL - 2023-08-06 00:15:13 --> Undefined variable $baseURL
in APPPATH\Views\template\admin.php on line 230.
 1 APPPATH\Views\template\admin.php(230): CodeIgniter\Debug\Exceptions->errorHandler(2, 'Undefined variable $baseURL', 'E:\\xampp\\htdocs\\BPSI\\app\\Views\\template\\admin.php', 230)
 2 SYSTEMPATH\View\View.php(224): include('E:\\xampp\\htdocs\\BPSI\\app\\Views\\template\\admin.php')
 3 SYSTEMPATH\View\View.php(227): CodeIgniter\View\View->CodeIgniter\View\{closure}()
 4 SYSTEMPATH\View\View.php(240): CodeIgniter\View\View->render('template/admin', [], true)
 5 SYSTEMPATH\Common.php(1176): CodeIgniter\View\View->render('index', [], true)
 6 APPPATH\Controllers\Home.php(9): view('index')
 7 SYSTEMPATH\CodeIgniter.php(932): App\Controllers\Home->index()
 8 SYSTEMPATH\CodeIgniter.php(497): CodeIgniter\CodeIgniter->runController(Object(App\Controllers\Home))
 9 SYSTEMPATH\CodeIgniter.php(366): CodeIgniter\CodeIgniter->handleRequest(null, Object(Config\Cache), false)
10 FCPATH\index.php(67): CodeIgniter\CodeIgniter->run()
11 SYSTEMPATH\Commands\Server\rewrite.php(47): require_once('E:\\xampp\\htdocs\\BPSI\\public\\index.php')
CRITICAL - 2023-08-06 00:15:38 --> Undefined variable $baseURL
in APPPATH\Views\template\admin.php on line 230.
 1 APPPATH\Views\template\admin.php(230): CodeIgniter\Debug\Exceptions->errorHandler(2, 'Undefined variable $baseURL', 'E:\\xampp\\htdocs\\BPSI\\app\\Views\\template\\admin.php', 230)
 2 SYSTEMPATH\View\View.php(224): include('E:\\xampp\\htdocs\\BPSI\\app\\Views\\template\\admin.php')
 3 SYSTEMPATH\View\View.php(227): CodeIgniter\View\View->CodeIgniter\View\{closure}()
 4 SYSTEMPATH\View\View.php(240): CodeIgniter\View\View->render('template/admin', [], true)
 5 SYSTEMPATH\Common.php(1176): CodeIgniter\View\View->render('index', [], true)
 6 APPPATH\Controllers\Home.php(9): view('index')
 7 SYSTEMPATH\CodeIgniter.php(932): App\Controllers\Home->index()
 8 SYSTEMPATH\CodeIgniter.php(497): CodeIgniter\CodeIgniter->runController(Object(App\Controllers\Home))
 9 SYSTEMPATH\CodeIgniter.php(366): CodeIgniter\CodeIgniter->handleRequest(null, Object(Config\Cache), false)
10 FCPATH\index.php(67): CodeIgniter\CodeIgniter->run()
11 SYSTEMPATH\Commands\Server\rewrite.php(47): require_once('E:\\xampp\\htdocs\\BPSI\\public\\index.php')
CRITICAL - 2023-08-06 00:16:39 --> Undefined variable $baseURL
in APPPATH\Views\template\admin.php on line 230.
 1 APPPATH\Views\template\admin.php(230): CodeIgniter\Debug\Exceptions->errorHandler(2, 'Undefined variable $baseURL', 'E:\\xampp\\htdocs\\BPSI\\app\\Views\\template\\admin.php', 230)
 2 SYSTEMPATH\View\View.php(224): include('E:\\xampp\\htdocs\\BPSI\\app\\Views\\template\\admin.php')
 3 SYSTEMPATH\View\View.php(227): CodeIgniter\View\View->CodeIgniter\View\{closure}()
 4 SYSTEMPATH\View\View.php(240): CodeIgniter\View\View->render('template/admin', [], true)
 5 SYSTEMPATH\Common.php(1176): CodeIgniter\View\View->render('index', [], true)
 6 APPPATH\Controllers\Home.php(9): view('index')
 7 SYSTEMPATH\CodeIgniter.php(932): App\Controllers\Home->index()
 8 SYSTEMPATH\CodeIgniter.php(497): CodeIgniter\CodeIgniter->runController(Object(App\Controllers\Home))
 9 SYSTEMPATH\CodeIgniter.php(366): CodeIgniter\CodeIgniter->handleRequest(null, Object(Config\Cache), false)
10 FCPATH\index.php(67): CodeIgniter\CodeIgniter->run()
11 SYSTEMPATH\Commands\Server\rewrite.php(47): require_once('E:\\xampp\\htdocs\\BPSI\\public\\index.php')
CRITICAL - 2023-08-06 00:18:18 --> Undefined variable $baseURL
in APPPATH\Views\template\admin.php on line 229.
 1 APPPATH\Views\template\admin.php(229): CodeIgniter\Debug\Exceptions->errorHandler(2, 'Undefined variable $baseURL', 'E:\\xampp\\htdocs\\BPSI\\app\\Views\\template\\admin.php', 229)
 2 SYSTEMPATH\View\View.php(224): include('E:\\xampp\\htdocs\\BPSI\\app\\Views\\template\\admin.php')
 3 SYSTEMPATH\View\View.php(227): CodeIgniter\View\View->CodeIgniter\View\{closure}()
 4 SYSTEMPATH\View\View.php(240): CodeIgniter\View\View->render('template/admin', [], true)
 5 SYSTEMPATH\Common.php(1176): CodeIgniter\View\View->render('index', [], true)
 6 APPPATH\Controllers\Home.php(9): view('index')
 7 SYSTEMPATH\CodeIgniter.php(932): App\Controllers\Home->index()
 8 SYSTEMPATH\CodeIgniter.php(497): CodeIgniter\CodeIgniter->runController(Object(App\Controllers\Home))
 9 SYSTEMPATH\CodeIgniter.php(366): CodeIgniter\CodeIgniter->handleRequest(null, Object(Config\Cache), false)
10 FCPATH\index.php(67): CodeIgniter\CodeIgniter->run()
11 SYSTEMPATH\Commands\Server\rewrite.php(47): require_once('E:\\xampp\\htdocs\\BPSI\\public\\index.php')
CRITICAL - 2023-08-06 00:21:20 --> Undefined variable $baseURL
in APPPATH\Views\template\admin.php on line 229.
 1 APPPATH\Views\template\admin.php(229): CodeIgniter\Debug\Exceptions->errorHandler(2, 'Undefined variable $baseURL', 'E:\\xampp\\htdocs\\BPSI\\app\\Views\\template\\admin.php', 229)
 2 SYSTEMPATH\View\View.php(224): include('E:\\xampp\\htdocs\\BPSI\\app\\Views\\template\\admin.php')
 3 SYSTEMPATH\View\View.php(227): CodeIgniter\View\View->CodeIgniter\View\{closure}()
 4 SYSTEMPATH\View\View.php(240): CodeIgniter\View\View->render('template/admin', [], true)
 5 SYSTEMPATH\Common.php(1176): CodeIgniter\View\View->render('index', [], true)
 6 APPPATH\Controllers\Home.php(9): view('index')
 7 SYSTEMPATH\CodeIgniter.php(932): App\Controllers\Home->index()
 8 SYSTEMPATH\CodeIgniter.php(497): CodeIgniter\CodeIgniter->runController(Object(App\Controllers\Home))
 9 SYSTEMPATH\CodeIgniter.php(366): CodeIgniter\CodeIgniter->handleRequest(null, Object(Config\Cache), false)
10 FCPATH\index.php(67): CodeIgniter\CodeIgniter->run()
11 SYSTEMPATH\Commands\Server\rewrite.php(47): require_once('E:\\xampp\\htdocs\\BPSI\\public\\index.php')
CRITICAL - 2023-08-06 00:21:21 --> Undefined variable $baseURL
in APPPATH\Views\template\admin.php on line 229.
 1 APPPATH\Views\template\admin.php(229): CodeIgniter\Debug\Exceptions->errorHandler(2, 'Undefined variable $baseURL', 'E:\\xampp\\htdocs\\BPSI\\app\\Views\\template\\admin.php', 229)
 2 SYSTEMPATH\View\View.php(224): include('E:\\xampp\\htdocs\\BPSI\\app\\Views\\template\\admin.php')
 3 SYSTEMPATH\View\View.php(227): CodeIgniter\View\View->CodeIgniter\View\{closure}()
 4 SYSTEMPATH\View\View.php(240): CodeIgniter\View\View->render('template/admin', [], true)
 5 SYSTEMPATH\Common.php(1176): CodeIgniter\View\View->render('index', [], true)
 6 APPPATH\Controllers\Home.php(9): view('index')
 7 SYSTEMPATH\CodeIgniter.php(932): App\Controllers\Home->index()
 8 SYSTEMPATH\CodeIgniter.php(497): CodeIgniter\CodeIgniter->runController(Object(App\Controllers\Home))
 9 SYSTEMPATH\CodeIgniter.php(366): CodeIgniter\CodeIgniter->handleRequest(null, Object(Config\Cache), false)
10 FCPATH\index.php(67): CodeIgniter\CodeIgniter->run()
11 SYSTEMPATH\Commands\Server\rewrite.php(47): require_once('E:\\xampp\\htdocs\\BPSI\\public\\index.php')
CRITICAL - 2023-08-06 00:21:22 --> Undefined variable $baseURL
in APPPATH\Views\template\admin.php on line 229.
 1 APPPATH\Views\template\admin.php(229): CodeIgniter\Debug\Exceptions->errorHandler(2, 'Undefined variable $baseURL', 'E:\\xampp\\htdocs\\BPSI\\app\\Views\\template\\admin.php', 229)
 2 SYSTEMPATH\View\View.php(224): include('E:\\xampp\\htdocs\\BPSI\\app\\Views\\template\\admin.php')
 3 SYSTEMPATH\View\View.php(227): CodeIgniter\View\View->CodeIgniter\View\{closure}()
 4 SYSTEMPATH\View\View.php(240): CodeIgniter\View\View->render('template/admin', [], true)
 5 SYSTEMPATH\Common.php(1176): CodeIgniter\View\View->render('index', [], true)
 6 APPPATH\Controllers\Home.php(9): view('index')
 7 SYSTEMPATH\CodeIgniter.php(932): App\Controllers\Home->index()
 8 SYSTEMPATH\CodeIgniter.php(497): CodeIgniter\CodeIgniter->runController(Object(App\Controllers\Home))
 9 SYSTEMPATH\CodeIgniter.php(366): CodeIgniter\CodeIgniter->handleRequest(null, Object(Config\Cache), false)
10 FCPATH\index.php(67): CodeIgniter\CodeIgniter->run()
11 SYSTEMPATH\Commands\Server\rewrite.php(47): require_once('E:\\xampp\\htdocs\\BPSI\\public\\index.php')
CRITICAL - 2023-08-06 00:21:26 --> Undefined variable $baseURL
in APPPATH\Views\template\admin.php on line 229.
 1 APPPATH\Views\template\admin.php(229): CodeIgniter\Debug\Exceptions->errorHandler(2, 'Undefined variable $baseURL', 'E:\\xampp\\htdocs\\BPSI\\app\\Views\\template\\admin.php', 229)
 2 SYSTEMPATH\View\View.php(224): include('E:\\xampp\\htdocs\\BPSI\\app\\Views\\template\\admin.php')
 3 SYSTEMPATH\View\View.php(227): CodeIgniter\View\View->CodeIgniter\View\{closure}()
 4 SYSTEMPATH\View\View.php(240): CodeIgniter\View\View->render('template/admin', [], true)
 5 SYSTEMPATH\Common.php(1176): CodeIgniter\View\View->render('index', [], true)
 6 APPPATH\Controllers\Home.php(9): view('index')
 7 SYSTEMPATH\CodeIgniter.php(932): App\Controllers\Home->index()
 8 SYSTEMPATH\CodeIgniter.php(497): CodeIgniter\CodeIgniter->runController(Object(App\Controllers\Home))
 9 SYSTEMPATH\CodeIgniter.php(366): CodeIgniter\CodeIgniter->handleRequest(null, Object(Config\Cache), false)
10 FCPATH\index.php(67): CodeIgniter\CodeIgniter->run()
11 SYSTEMPATH\Commands\Server\rewrite.php(47): require_once('E:\\xampp\\htdocs\\BPSI\\public\\index.php')
CRITICAL - 2023-08-06 00:21:53 --> Undefined variable $baseURL
in APPPATH\Views\template\admin.php on line 229.
 1 APPPATH\Views\template\admin.php(229): CodeIgniter\Debug\Exceptions->errorHandler(2, 'Undefined variable $baseURL', 'E:\\xampp\\htdocs\\BPSI\\app\\Views\\template\\admin.php', 229)
 2 SYSTEMPATH\View\View.php(224): include('E:\\xampp\\htdocs\\BPSI\\app\\Views\\template\\admin.php')
 3 SYSTEMPATH\View\View.php(227): CodeIgniter\View\View->CodeIgniter\View\{closure}()
 4 SYSTEMPATH\View\View.php(240): CodeIgniter\View\View->render('template/admin', [], true)
 5 SYSTEMPATH\Common.php(1176): CodeIgniter\View\View->render('index', [], true)
 6 APPPATH\Controllers\Home.php(9): view('index')
 7 SYSTEMPATH\CodeIgniter.php(932): App\Controllers\Home->index()
 8 SYSTEMPATH\CodeIgniter.php(497): CodeIgniter\CodeIgniter->runController(Object(App\Controllers\Home))
 9 SYSTEMPATH\CodeIgniter.php(366): CodeIgniter\CodeIgniter->handleRequest(null, Object(Config\Cache), false)
10 FCPATH\index.php(67): CodeIgniter\CodeIgniter->run()
11 SYSTEMPATH\Commands\Server\rewrite.php(47): require_once('E:\\xampp\\htdocs\\BPSI\\public\\index.php')
CRITICAL - 2023-08-06 00:21:55 --> Undefined variable $baseURL
in APPPATH\Views\template\admin.php on line 229.
 1 APPPATH\Views\template\admin.php(229): CodeIgniter\Debug\Exceptions->errorHandler(2, 'Undefined variable $baseURL', 'E:\\xampp\\htdocs\\BPSI\\app\\Views\\template\\admin.php', 229)
 2 SYSTEMPATH\View\View.php(224): include('E:\\xampp\\htdocs\\BPSI\\app\\Views\\template\\admin.php')
 3 SYSTEMPATH\View\View.php(227): CodeIgniter\View\View->CodeIgniter\View\{closure}()
 4 SYSTEMPATH\View\View.php(240): CodeIgniter\View\View->render('template/admin', [], true)
 5 SYSTEMPATH\Common.php(1176): CodeIgniter\View\View->render('index', [], true)
 6 APPPATH\Controllers\Home.php(9): view('index')
 7 SYSTEMPATH\CodeIgniter.php(932): App\Controllers\Home->index()
 8 SYSTEMPATH\CodeIgniter.php(497): CodeIgniter\CodeIgniter->runController(Object(App\Controllers\Home))
 9 SYSTEMPATH\CodeIgniter.php(366): CodeIgniter\CodeIgniter->handleRequest(null, Object(Config\Cache), false)
10 FCPATH\index.php(67): CodeIgniter\CodeIgniter->run()
11 SYSTEMPATH\Commands\Server\rewrite.php(47): require_once('E:\\xampp\\htdocs\\BPSI\\public\\index.php')
CRITICAL - 2023-08-06 00:21:55 --> Undefined variable $baseURL
in APPPATH\Views\template\admin.php on line 229.
 1 APPPATH\Views\template\admin.php(229): CodeIgniter\Debug\Exceptions->errorHandler(2, 'Undefined variable $baseURL', 'E:\\xampp\\htdocs\\BPSI\\app\\Views\\template\\admin.php', 229)
 2 SYSTEMPATH\View\View.php(224): include('E:\\xampp\\htdocs\\BPSI\\app\\Views\\template\\admin.php')
 3 SYSTEMPATH\View\View.php(227): CodeIgniter\View\View->CodeIgniter\View\{closure}()
 4 SYSTEMPATH\View\View.php(240): CodeIgniter\View\View->render('template/admin', [], true)
 5 SYSTEMPATH\Common.php(1176): CodeIgniter\View\View->render('index', [], true)
 6 APPPATH\Controllers\Home.php(9): view('index')
 7 SYSTEMPATH\CodeIgniter.php(932): App\Controllers\Home->index()
 8 SYSTEMPATH\CodeIgniter.php(497): CodeIgniter\CodeIgniter->runController(Object(App\Controllers\Home))
 9 SYSTEMPATH\CodeIgniter.php(366): CodeIgniter\CodeIgniter->handleRequest(null, Object(Config\Cache), false)
10 FCPATH\index.php(67): CodeIgniter\CodeIgniter->run()
11 SYSTEMPATH\Commands\Server\rewrite.php(47): require_once('E:\\xampp\\htdocs\\BPSI\\public\\index.php')
CRITICAL - 2023-08-06 00:21:55 --> Undefined variable $baseURL
in APPPATH\Views\template\admin.php on line 229.
 1 APPPATH\Views\template\admin.php(229): CodeIgniter\Debug\Exceptions->errorHandler(2, 'Undefined variable $baseURL', 'E:\\xampp\\htdocs\\BPSI\\app\\Views\\template\\admin.php', 229)
 2 SYSTEMPATH\View\View.php(224): include('E:\\xampp\\htdocs\\BPSI\\app\\Views\\template\\admin.php')
 3 SYSTEMPATH\View\View.php(227): CodeIgniter\View\View->CodeIgniter\View\{closure}()
 4 SYSTEMPATH\View\View.php(240): CodeIgniter\View\View->render('template/admin', [], true)
 5 SYSTEMPATH\Common.php(1176): CodeIgniter\View\View->render('index', [], true)
 6 APPPATH\Controllers\Home.php(9): view('index')
 7 SYSTEMPATH\CodeIgniter.php(932): App\Controllers\Home->index()
 8 SYSTEMPATH\CodeIgniter.php(497): CodeIgniter\CodeIgniter->runController(Object(App\Controllers\Home))
 9 SYSTEMPATH\CodeIgniter.php(366): CodeIgniter\CodeIgniter->handleRequest(null, Object(Config\Cache), false)
10 FCPATH\index.php(67): CodeIgniter\CodeIgniter->run()
11 SYSTEMPATH\Commands\Server\rewrite.php(47): require_once('E:\\xampp\\htdocs\\BPSI\\public\\index.php')
CRITICAL - 2023-08-06 00:21:56 --> Undefined variable $baseURL
in APPPATH\Views\template\admin.php on line 229.
 1 APPPATH\Views\template\admin.php(229): CodeIgniter\Debug\Exceptions->errorHandler(2, 'Undefined variable $baseURL', 'E:\\xampp\\htdocs\\BPSI\\app\\Views\\template\\admin.php', 229)
 2 SYSTEMPATH\View\View.php(224): include('E:\\xampp\\htdocs\\BPSI\\app\\Views\\template\\admin.php')
 3 SYSTEMPATH\View\View.php(227): CodeIgniter\View\View->CodeIgniter\View\{closure}()
 4 SYSTEMPATH\View\View.php(240): CodeIgniter\View\View->render('template/admin', [], true)
 5 SYSTEMPATH\Common.php(1176): CodeIgniter\View\View->render('index', [], true)
 6 APPPATH\Controllers\Home.php(9): view('index')
 7 SYSTEMPATH\CodeIgniter.php(932): App\Controllers\Home->index()
 8 SYSTEMPATH\CodeIgniter.php(497): CodeIgniter\CodeIgniter->runController(Object(App\Controllers\Home))
 9 SYSTEMPATH\CodeIgniter.php(366): CodeIgniter\CodeIgniter->handleRequest(null, Object(Config\Cache), false)
10 FCPATH\index.php(67): CodeIgniter\CodeIgniter->run()
11 SYSTEMPATH\Commands\Server\rewrite.php(47): require_once('E:\\xampp\\htdocs\\BPSI\\public\\index.php')
CRITICAL - 2023-08-06 00:21:56 --> Undefined variable $baseURL
in APPPATH\Views\template\admin.php on line 229.
 1 APPPATH\Views\template\admin.php(229): CodeIgniter\Debug\Exceptions->errorHandler(2, 'Undefined variable $baseURL', 'E:\\xampp\\htdocs\\BPSI\\app\\Views\\template\\admin.php', 229)
 2 SYSTEMPATH\View\View.php(224): include('E:\\xampp\\htdocs\\BPSI\\app\\Views\\template\\admin.php')
 3 SYSTEMPATH\View\View.php(227): CodeIgniter\View\View->CodeIgniter\View\{closure}()
 4 SYSTEMPATH\View\View.php(240): CodeIgniter\View\View->render('template/admin', [], true)
 5 SYSTEMPATH\Common.php(1176): CodeIgniter\View\View->render('index', [], true)
 6 APPPATH\Controllers\Home.php(9): view('index')
 7 SYSTEMPATH\CodeIgniter.php(932): App\Controllers\Home->index()
 8 SYSTEMPATH\CodeIgniter.php(497): CodeIgniter\CodeIgniter->runController(Object(App\Controllers\Home))
 9 SYSTEMPATH\CodeIgniter.php(366): CodeIgniter\CodeIgniter->handleRequest(null, Object(Config\Cache), false)
10 FCPATH\index.php(67): CodeIgniter\CodeIgniter->run()
11 SYSTEMPATH\Commands\Server\rewrite.php(47): require_once('E:\\xampp\\htdocs\\BPSI\\public\\index.php')
INFO - 2023-08-06 00:23:23 --> Session: Class initialized using 'CodeIgniter\Session\Handlers\FileHandler' driver.
INFO - 2023-08-06 00:23:48 --> Session: Class initialized using 'CodeIgniter\Session\Handlers\FileHandler' driver.
CRITICAL - 2023-08-06 00:26:34 --> Undefined variable $average
in APPPATH\Views\pages\charts\chartjs.php on line 26.
 1 APPPATH\Views\pages\charts\chartjs.php(26): CodeIgniter\Debug\Exceptions->errorHandler(2, 'Undefined variable $average', 'E:\\xampp\\htdocs\\BPSI\\app\\Views\\pages\\charts\\chartjs.php', 26)
 2 SYSTEMPATH\View\View.php(224): include('E:\\xampp\\htdocs\\BPSI\\app\\Views\\pages\\charts\\chartjs.php')
 3 SYSTEMPATH\View\View.php(227): CodeIgniter\View\View->CodeIgniter\View\{closure}()
 4 SYSTEMPATH\Common.php(1176): CodeIgniter\View\View->render('pages/charts/chartjs', [], true)
 5 APPPATH\Controllers\Home.php(13): view('pages/charts/chartjs')
 6 SYSTEMPATH\CodeIgniter.php(932): App\Controllers\Home->halaman_awal()
 7 SYSTEMPATH\CodeIgniter.php(497): CodeIgniter\CodeIgniter->runController(Object(App\Controllers\Home))
 8 SYSTEMPATH\CodeIgniter.php(366): CodeIgniter\CodeIgniter->handleRequest(null, Object(Config\Cache), false)
 9 FCPATH\index.php(67): CodeIgniter\CodeIgniter->run()
10 SYSTEMPATH\Commands\Server\rewrite.php(47): require_once('E:\\xampp\\htdocs\\BPSI\\public\\index.php')
CRITICAL - 2023-08-06 00:43:41 --> Undefined variable $average
in APPPATH\Views\pages\charts\chartjs.php on line 26.
 1 APPPATH\Views\pages\charts\chartjs.php(26): CodeIgniter\Debug\Exceptions->errorHandler(2, 'Undefined variable $average', 'E:\\xampp\\htdocs\\BPSI\\app\\Views\\pages\\charts\\chartjs.php', 26)
 2 SYSTEMPATH\View\View.php(224): include('E:\\xampp\\htdocs\\BPSI\\app\\Views\\pages\\charts\\chartjs.php')
 3 SYSTEMPATH\View\View.php(227): CodeIgniter\View\View->CodeIgniter\View\{closure}()
 4 SYSTEMPATH\Common.php(1176): CodeIgniter\View\View->render('pages/charts/chartjs', [], true)
 5 APPPATH\Controllers\Home.php(13): view('pages/charts/chartjs')
 6 SYSTEMPATH\CodeIgniter.php(932): App\Controllers\Home->halaman_awal()
 7 SYSTEMPATH\CodeIgniter.php(497): CodeIgniter\CodeIgniter->runController(Object(App\Controllers\Home))
 8 SYSTEMPATH\CodeIgniter.php(366): CodeIgniter\CodeIgniter->handleRequest(null, Object(Config\Cache), false)
 9 FCPATH\index.php(67): CodeIgniter\CodeIgniter->run()
10 SYSTEMPATH\Commands\Server\rewrite.php(47): require_once('E:\\xampp\\htdocs\\BPSI\\public\\index.php')
CRITICAL - 2023-08-06 00:48:22 --> Undefined variable $data
in APPPATH\Views\pages\charts\chartjs.php on line 46.
 1 APPPATH\Views\pages\charts\chartjs.php(46): CodeIgniter\Debug\Exceptions->errorHandler(2, 'Undefined variable $data', 'E:\\xampp\\htdocs\\BPSI\\app\\Views\\pages\\charts\\chartjs.php', 46)
 2 SYSTEMPATH\View\View.php(224): include('E:\\xampp\\htdocs\\BPSI\\app\\Views\\pages\\charts\\chartjs.php')
 3 SYSTEMPATH\View\View.php(227): CodeIgniter\View\View->CodeIgniter\View\{closure}()
 4 SYSTEMPATH\Common.php(1176): CodeIgniter\View\View->render('pages/charts/chartjs', [], true)
 5 APPPATH\Controllers\Home.php(13): view('pages/charts/chartjs')
 6 SYSTEMPATH\CodeIgniter.php(932): App\Controllers\Home->halaman_awal()
 7 SYSTEMPATH\CodeIgniter.php(497): CodeIgniter\CodeIgniter->runController(Object(App\Controllers\Home))
 8 SYSTEMPATH\CodeIgniter.php(366): CodeIgniter\CodeIgniter->handleRequest(null, Object(Config\Cache), false)
 9 FCPATH\index.php(67): CodeIgniter\CodeIgniter->run()
10 SYSTEMPATH\Commands\Server\rewrite.php(47): require_once('E:\\xampp\\htdocs\\BPSI\\public\\index.php')
CRITICAL - 2023-08-06 00:49:30 --> Undefined variable $data
in APPPATH\Views\pages\charts\chartjs.php on line 46.
 1 APPPATH\Views\pages\charts\chartjs.php(46): CodeIgniter\Debug\Exceptions->errorHandler(2, 'Undefined variable $data', 'E:\\xampp\\htdocs\\BPSI\\app\\Views\\pages\\charts\\chartjs.php', 46)
 2 SYSTEMPATH\View\View.php(224): include('E:\\xampp\\htdocs\\BPSI\\app\\Views\\pages\\charts\\chartjs.php')
 3 SYSTEMPATH\View\View.php(227): CodeIgniter\View\View->CodeIgniter\View\{closure}()
 4 SYSTEMPATH\Common.php(1176): CodeIgniter\View\View->render('pages/charts/chartjs', [], true)
 5 APPPATH\Controllers\Home.php(13): view('pages/charts/chartjs')
 6 SYSTEMPATH\CodeIgniter.php(932): App\Controllers\Home->halaman_awal()
 7 SYSTEMPATH\CodeIgniter.php(497): CodeIgniter\CodeIgniter->runController(Object(App\Controllers\Home))
 8 SYSTEMPATH\CodeIgniter.php(366): CodeIgniter\CodeIgniter->handleRequest(null, Object(Config\Cache), false)
 9 FCPATH\index.php(67): CodeIgniter\CodeIgniter->run()
10 SYSTEMPATH\Commands\Server\rewrite.php(47): require_once('E:\\xampp\\htdocs\\BPSI\\public\\index.php')
CRITICAL - 2023-08-06 00:49:33 --> Undefined variable $data
in APPPATH\Views\pages\charts\chartjs.php on line 46.
 1 APPPATH\Views\pages\charts\chartjs.php(46): CodeIgniter\Debug\Exceptions->errorHandler(2, 'Undefined variable $data', 'E:\\xampp\\htdocs\\BPSI\\app\\Views\\pages\\charts\\chartjs.php', 46)
 2 SYSTEMPATH\View\View.php(224): include('E:\\xampp\\htdocs\\BPSI\\app\\Views\\pages\\charts\\chartjs.php')
 3 SYSTEMPATH\View\View.php(227): CodeIgniter\View\View->CodeIgniter\View\{closure}()
 4 SYSTEMPATH\Common.php(1176): CodeIgniter\View\View->render('pages/charts/chartjs', [], true)
 5 APPPATH\Controllers\Home.php(13): view('pages/charts/chartjs')
 6 SYSTEMPATH\CodeIgniter.php(932): App\Controllers\Home->halaman_awal()
 7 SYSTEMPATH\CodeIgniter.php(497): CodeIgniter\CodeIgniter->runController(Object(App\Controllers\Home))
 8 SYSTEMPATH\CodeIgniter.php(366): CodeIgniter\CodeIgniter->handleRequest(null, Object(Config\Cache), false)
 9 FCPATH\index.php(67): CodeIgniter\CodeIgniter->run()
10 SYSTEMPATH\Commands\Server\rewrite.php(47): require_once('E:\\xampp\\htdocs\\BPSI\\public\\index.php')
CRITICAL - 2023-08-06 00:51:28 --> Undefined variable $data
in APPPATH\Views\pages\charts\chartjs.php on line 46.
 1 APPPATH\Views\pages\charts\chartjs.php(46): CodeIgniter\Debug\Exceptions->errorHandler(2, 'Undefined variable $data', 'E:\\xampp\\htdocs\\BPSI\\app\\Views\\pages\\charts\\chartjs.php', 46)
 2 SYSTEMPATH\View\View.php(224): include('E:\\xampp\\htdocs\\BPSI\\app\\Views\\pages\\charts\\chartjs.php')
 3 SYSTEMPATH\View\View.php(227): CodeIgniter\View\View->CodeIgniter\View\{closure}()
 4 SYSTEMPATH\Common.php(1176): CodeIgniter\View\View->render('pages/charts/chartjs', [], true)
 5 APPPATH\Controllers\Home.php(13): view('pages/charts/chartjs')
 6 SYSTEMPATH\CodeIgniter.php(932): App\Controllers\Home->halaman_awal()
 7 SYSTEMPATH\CodeIgniter.php(497): CodeIgniter\CodeIgniter->runController(Object(App\Controllers\Home))
 8 SYSTEMPATH\CodeIgniter.php(366): CodeIgniter\CodeIgniter->handleRequest(null, Object(Config\Cache), false)
 9 FCPATH\index.php(67): CodeIgniter\CodeIgniter->run()
10 SYSTEMPATH\Commands\Server\rewrite.php(47): require_once('E:\\xampp\\htdocs\\BPSI\\public\\index.php')
CRITICAL - 2023-08-06 01:51:14 --> Undefined variable $baseURL
in APPPATH\Views\pages\samples\login.php on line 55.
 1 APPPATH\Views\pages\samples\login.php(55): CodeIgniter\Debug\Exceptions->errorHandler(2, 'Undefined variable $baseURL', 'E:\\xampp\\htdocs\\BPSI\\app\\Views\\pages\\samples\\login.php', 55)
 2 SYSTEMPATH\View\View.php(224): include('E:\\xampp\\htdocs\\BPSI\\app\\Views\\pages\\samples\\login.php')
 3 SYSTEMPATH\View\View.php(227): CodeIgniter\View\View->CodeIgniter\View\{closure}()
 4 SYSTEMPATH\Common.php(1176): CodeIgniter\View\View->render('pages/samples/login', [], true)
 5 APPPATH\Controllers\Home.php(21): view('pages/samples/login')
 6 SYSTEMPATH\CodeIgniter.php(932): App\Controllers\Home->halaman_login()
 7 SYSTEMPATH\CodeIgniter.php(497): CodeIgniter\CodeIgniter->runController(Object(App\Controllers\Home))
 8 SYSTEMPATH\CodeIgniter.php(366): CodeIgniter\CodeIgniter->handleRequest(null, Object(Config\Cache), false)
 9 FCPATH\index.php(67): CodeIgniter\CodeIgniter->run()
10 SYSTEMPATH\Commands\Server\rewrite.php(47): require_once('E:\\xampp\\htdocs\\BPSI\\public\\index.php')
CRITICAL - 2023-08-06 01:53:11 --> Undefined variable $baseURL
in APPPATH\Views\pages\samples\login.php on line 55.
 1 APPPATH\Views\pages\samples\login.php(55): CodeIgniter\Debug\Exceptions->errorHandler(2, 'Undefined variable $baseURL', 'E:\\xampp\\htdocs\\BPSI\\app\\Views\\pages\\samples\\login.php', 55)
 2 SYSTEMPATH\View\View.php(224): include('E:\\xampp\\htdocs\\BPSI\\app\\Views\\pages\\samples\\login.php')
 3 SYSTEMPATH\View\View.php(227): CodeIgniter\View\View->CodeIgniter\View\{closure}()
 4 SYSTEMPATH\Common.php(1176): CodeIgniter\View\View->render('pages/samples/login', [], true)
 5 APPPATH\Controllers\Home.php(21): view('pages/samples/login')
 6 SYSTEMPATH\CodeIgniter.php(932): App\Controllers\Home->halaman_login()
 7 SYSTEMPATH\CodeIgniter.php(497): CodeIgniter\CodeIgniter->runController(Object(App\Controllers\Home))
 8 SYSTEMPATH\CodeIgniter.php(366): CodeIgniter\CodeIgniter->handleRequest(null, Object(Config\Cache), false)
 9 FCPATH\index.php(67): CodeIgniter\CodeIgniter->run()
10 SYSTEMPATH\Commands\Server\rewrite.php(47): require_once('E:\\xampp\\htdocs\\BPSI\\public\\index.php')
CRITICAL - 2023-08-06 01:53:15 --> Undefined variable $baseURL
in APPPATH\Views\pages\samples\login.php on line 55.
 1 APPPATH\Views\pages\samples\login.php(55): CodeIgniter\Debug\Exceptions->errorHandler(2, 'Undefined variable $baseURL', 'E:\\xampp\\htdocs\\BPSI\\app\\Views\\pages\\samples\\login.php', 55)
 2 SYSTEMPATH\View\View.php(224): include('E:\\xampp\\htdocs\\BPSI\\app\\Views\\pages\\samples\\login.php')
 3 SYSTEMPATH\View\View.php(227): CodeIgniter\View\View->CodeIgniter\View\{closure}()
 4 SYSTEMPATH\Common.php(1176): CodeIgniter\View\View->render('pages/samples/login', [], true)
 5 APPPATH\Controllers\Home.php(21): view('pages/samples/login')
 6 SYSTEMPATH\CodeIgniter.php(932): App\Controllers\Home->halaman_login()
 7 SYSTEMPATH\CodeIgniter.php(497): CodeIgniter\CodeIgniter->runController(Object(App\Controllers\Home))
 8 SYSTEMPATH\CodeIgniter.php(366): CodeIgniter\CodeIgniter->handleRequest(null, Object(Config\Cache), false)
 9 FCPATH\index.php(67): CodeIgniter\CodeIgniter->run()
10 SYSTEMPATH\Commands\Server\rewrite.php(47): require_once('E:\\xampp\\htdocs\\BPSI\\public\\index.php')
CRITICAL - 2023-08-06 01:54:33 --> Undefined variable $baseURL
in APPPATH\Views\pages\samples\login.php on line 55.
 1 APPPATH\Views\pages\samples\login.php(55): CodeIgniter\Debug\Exceptions->errorHandler(2, 'Undefined variable $baseURL', 'E:\\xampp\\htdocs\\BPSI\\app\\Views\\pages\\samples\\login.php', 55)
 2 SYSTEMPATH\View\View.php(224): include('E:\\xampp\\htdocs\\BPSI\\app\\Views\\pages\\samples\\login.php')
 3 SYSTEMPATH\View\View.php(227): CodeIgniter\View\View->CodeIgniter\View\{closure}()
 4 SYSTEMPATH\Common.php(1176): CodeIgniter\View\View->render('pages/samples/login', [], true)
 5 APPPATH\Controllers\Home.php(21): view('pages/samples/login')
 6 SYSTEMPATH\CodeIgniter.php(932): App\Controllers\Home->halaman_login()
 7 SYSTEMPATH\CodeIgniter.php(497): CodeIgniter\CodeIgniter->runController(Object(App\Controllers\Home))
 8 SYSTEMPATH\CodeIgniter.php(366): CodeIgniter\CodeIgniter->handleRequest(null, Object(Config\Cache), false)
 9 FCPATH\index.php(67): CodeIgniter\CodeIgniter->run()
10 SYSTEMPATH\Commands\Server\rewrite.php(47): require_once('E:\\xampp\\htdocs\\BPSI\\public\\index.php')
CRITICAL - 2023-08-06 01:55:10 --> Undefined variable $baseURL
in APPPATH\Views\pages\samples\login.php on line 55.
 1 APPPATH\Views\pages\samples\login.php(55): CodeIgniter\Debug\Exceptions->errorHandler(2, 'Undefined variable $baseURL', 'E:\\xampp\\htdocs\\BPSI\\app\\Views\\pages\\samples\\login.php', 55)
 2 SYSTEMPATH\View\View.php(224): include('E:\\xampp\\htdocs\\BPSI\\app\\Views\\pages\\samples\\login.php')
 3 SYSTEMPATH\View\View.php(227): CodeIgniter\View\View->CodeIgniter\View\{closure}()
 4 SYSTEMPATH\Common.php(1176): CodeIgniter\View\View->render('pages/samples/login', [], true)
 5 APPPATH\Controllers\Home.php(21): view('pages/samples/login')
 6 SYSTEMPATH\CodeIgniter.php(932): App\Controllers\Home->halaman_login()
 7 SYSTEMPATH\CodeIgniter.php(497): CodeIgniter\CodeIgniter->runController(Object(App\Controllers\Home))
 8 SYSTEMPATH\CodeIgniter.php(366): CodeIgniter\CodeIgniter->handleRequest(null, Object(Config\Cache), false)
 9 FCPATH\index.php(67): CodeIgniter\CodeIgniter->run()
10 SYSTEMPATH\Commands\Server\rewrite.php(47): require_once('E:\\xampp\\htdocs\\BPSI\\public\\index.php')
CRITICAL - 2023-08-06 02:18:34 --> Undefined variable $data
in APPPATH\Views\pages\charts\chartjs.php on line 46.
 1 APPPATH\Views\pages\charts\chartjs.php(46): CodeIgniter\Debug\Exceptions->errorHandler(2, 'Undefined variable $data', 'E:\\xampp\\htdocs\\BPSI\\app\\Views\\pages\\charts\\chartjs.php', 46)
 2 SYSTEMPATH\View\View.php(224): include('E:\\xampp\\htdocs\\BPSI\\app\\Views\\pages\\charts\\chartjs.php')
 3 SYSTEMPATH\View\View.php(227): CodeIgniter\View\View->CodeIgniter\View\{closure}()
 4 SYSTEMPATH\Common.php(1176): CodeIgniter\View\View->render('pages/charts/chartjs', [], true)
 5 APPPATH\Controllers\Home.php(13): view('pages/charts/chartjs')
 6 SYSTEMPATH\CodeIgniter.php(932): App\Controllers\Home->halaman_awal()
 7 SYSTEMPATH\CodeIgniter.php(497): CodeIgniter\CodeIgniter->runController(Object(App\Controllers\Home))
 8 SYSTEMPATH\CodeIgniter.php(366): CodeIgniter\CodeIgniter->handleRequest(null, Object(Config\Cache), false)
 9 FCPATH\index.php(67): CodeIgniter\CodeIgniter->run()
10 SYSTEMPATH\Commands\Server\rewrite.php(47): require_once('E:\\xampp\\htdocs\\BPSI\\public\\index.php')
CRITICAL - 2023-08-06 02:31:43 --> Undefined variable $dataTable
in APPPATH\Views\pages\charts\chartjs.php on line 47.
 1 APPPATH\Views\pages\charts\chartjs.php(47): CodeIgniter\Debug\Exceptions->errorHandler(2, 'Undefined variable $dataTable', 'E:\\xampp\\htdocs\\BPSI\\app\\Views\\pages\\charts\\chartjs.php', 47)
 2 SYSTEMPATH\View\View.php(224): include('E:\\xampp\\htdocs\\BPSI\\app\\Views\\pages\\charts\\chartjs.php')
 3 SYSTEMPATH\View\View.php(227): CodeIgniter\View\View->CodeIgniter\View\{closure}()
 4 SYSTEMPATH\Common.php(1176): CodeIgniter\View\View->render('pages/charts/chartjs', [], true)
 5 APPPATH\Controllers\Home.php(14): view('pages/charts/chartjs')
 6 SYSTEMPATH\CodeIgniter.php(932): App\Controllers\Home->halaman_charts()
 7 SYSTEMPATH\CodeIgniter.php(497): CodeIgniter\CodeIgniter->runController(Object(App\Controllers\Home))
 8 SYSTEMPATH\CodeIgniter.php(366): CodeIgniter\CodeIgniter->handleRequest(null, Object(Config\Cache), false)
 9 FCPATH\index.php(67): CodeIgniter\CodeIgniter->run()
10 SYSTEMPATH\Commands\Server\rewrite.php(47): require_once('E:\\xampp\\htdocs\\BPSI\\public\\index.php')
CRITICAL - 2023-08-06 09:34:18 --> Undefined variable $kualitas
in APPPATH\Views\pages\charts\chartjs.php on line 144.
 1 APPPATH\Views\pages\charts\chartjs.php(144): CodeIgniter\Debug\Exceptions->errorHandler(2, 'Undefined variable $kualitas', 'E:\\xampp\\htdocs\\BPSI\\app\\Views\\pages\\charts\\chartjs.php', 144)
 2 SYSTEMPATH\View\View.php(224): include('E:\\xampp\\htdocs\\BPSI\\app\\Views\\pages\\charts\\chartjs.php')
 3 SYSTEMPATH\View\View.php(227): CodeIgniter\View\View->CodeIgniter\View\{closure}()
 4 SYSTEMPATH\Common.php(1176): CodeIgniter\View\View->render('pages/charts/chartjs', [], true)
 5 APPPATH\Controllers\Bpsi.php(25): view('pages/charts/chartjs', [...])
 6 SYSTEMPATH\CodeIgniter.php(932): App\Controllers\Bpsi->halaman_charts()
 7 SYSTEMPATH\CodeIgniter.php(497): CodeIgniter\CodeIgniter->runController(Object(App\Controllers\Bpsi))
 8 SYSTEMPATH\CodeIgniter.php(366): CodeIgniter\CodeIgniter->handleRequest(null, Object(Config\Cache), false)
 9 FCPATH\index.php(67): CodeIgniter\CodeIgniter->run()
10 SYSTEMPATH\Commands\Server\rewrite.php(47): require_once('E:\\xampp\\htdocs\\BPSI\\public\\index.php')
CRITICAL - 2023-08-06 09:35:59 --> Undefined variable $ph
in APPPATH\Views\pages\charts\chartjs.php on line 144.
 1 APPPATH\Views\pages\charts\chartjs.php(144): CodeIgniter\Debug\Exceptions->errorHandler(2, 'Undefined variable $ph', 'E:\\xampp\\htdocs\\BPSI\\app\\Views\\pages\\charts\\chartjs.php', 144)
 2 SYSTEMPATH\View\View.php(224): include('E:\\xampp\\htdocs\\BPSI\\app\\Views\\pages\\charts\\chartjs.php')
 3 SYSTEMPATH\View\View.php(227): CodeIgniter\View\View->CodeIgniter\View\{closure}()
 4 SYSTEMPATH\Common.php(1176): CodeIgniter\View\View->render('pages/charts/chartjs', [], true)
 5 APPPATH\Controllers\Bpsi.php(25): view('pages/charts/chartjs', [...])
 6 SYSTEMPATH\CodeIgniter.php(932): App\Controllers\Bpsi->halaman_charts()
 7 SYSTEMPATH\CodeIgniter.php(497): CodeIgniter\CodeIgniter->runController(Object(App\Controllers\Bpsi))
 8 SYSTEMPATH\CodeIgniter.php(366): CodeIgniter\CodeIgniter->handleRequest(null, Object(Config\Cache), false)
 9 FCPATH\index.php(67): CodeIgniter\CodeIgniter->run()
10 SYSTEMPATH\Commands\Server\rewrite.php(47): require_once('E:\\xampp\\htdocs\\BPSI\\public\\index.php')
CRITICAL - 2023-08-06 09:39:30 --> Attempt to read property "ph" on array
in APPPATH\Views\pages\charts\chartjs.php on line 142.
 1 APPPATH\Views\pages\charts\chartjs.php(142): CodeIgniter\Debug\Exceptions->errorHandler(2, 'Attempt to read property "ph" on array', 'E:\\xampp\\htdocs\\BPSI\\app\\Views\\pages\\charts\\chartjs.php', 142)
 2 SYSTEMPATH\View\View.php(224): include('E:\\xampp\\htdocs\\BPSI\\app\\Views\\pages\\charts\\chartjs.php')
 3 SYSTEMPATH\View\View.php(227): CodeIgniter\View\View->CodeIgniter\View\{closure}()
 4 SYSTEMPATH\Common.php(1176): CodeIgniter\View\View->render('pages/charts/chartjs', [], true)
 5 APPPATH\Controllers\Bpsi.php(25): view('pages/charts/chartjs', [...])
 6 SYSTEMPATH\CodeIgniter.php(932): App\Controllers\Bpsi->halaman_charts()
 7 SYSTEMPATH\CodeIgniter.php(497): CodeIgniter\CodeIgniter->runController(Object(App\Controllers\Bpsi))
 8 SYSTEMPATH\CodeIgniter.php(366): CodeIgniter\CodeIgniter->handleRequest(null, Object(Config\Cache), false)
 9 FCPATH\index.php(67): CodeIgniter\CodeIgniter->run()
10 SYSTEMPATH\Commands\Server\rewrite.php(47): require_once('E:\\xampp\\htdocs\\BPSI\\public\\index.php')
CRITICAL - 2023-08-06 09:40:10 --> Attempt to read property "ph" on array
in APPPATH\Views\pages\charts\chartjs.php on line 142.
 1 APPPATH\Views\pages\charts\chartjs.php(142): CodeIgniter\Debug\Exceptions->errorHandler(2, 'Attempt to read property "ph" on array', 'E:\\xampp\\htdocs\\BPSI\\app\\Views\\pages\\charts\\chartjs.php', 142)
 2 SYSTEMPATH\View\View.php(224): include('E:\\xampp\\htdocs\\BPSI\\app\\Views\\pages\\charts\\chartjs.php')
 3 SYSTEMPATH\View\View.php(227): CodeIgniter\View\View->CodeIgniter\View\{closure}()
 4 SYSTEMPATH\Common.php(1176): CodeIgniter\View\View->render('pages/charts/chartjs', [], true)
 5 APPPATH\Controllers\Bpsi.php(25): view('pages/charts/chartjs', [...])
 6 SYSTEMPATH\CodeIgniter.php(932): App\Controllers\Bpsi->halaman_charts()
 7 SYSTEMPATH\CodeIgniter.php(497): CodeIgniter\CodeIgniter->runController(Object(App\Controllers\Bpsi))
 8 SYSTEMPATH\CodeIgniter.php(366): CodeIgniter\CodeIgniter->handleRequest(null, Object(Config\Cache), false)
 9 FCPATH\index.php(67): CodeIgniter\CodeIgniter->run()
10 SYSTEMPATH\Commands\Server\rewrite.php(47): require_once('E:\\xampp\\htdocs\\BPSI\\public\\index.php')
CRITICAL - 2023-08-06 09:40:34 --> Undefined constant "ph"
in APPPATH\Views\pages\charts\chartjs.php on line 142.
 1 SYSTEMPATH\View\View.php(224): include()
 2 SYSTEMPATH\View\View.php(227): CodeIgniter\View\View->CodeIgniter\View\{closure}()
 3 SYSTEMPATH\Common.php(1176): CodeIgniter\View\View->render('pages/charts/chartjs', [], true)
 4 APPPATH\Controllers\Bpsi.php(25): view('pages/charts/chartjs', [...])
 5 SYSTEMPATH\CodeIgniter.php(932): App\Controllers\Bpsi->halaman_charts()
 6 SYSTEMPATH\CodeIgniter.php(497): CodeIgniter\CodeIgniter->runController(Object(App\Controllers\Bpsi))
 7 SYSTEMPATH\CodeIgniter.php(366): CodeIgniter\CodeIgniter->handleRequest(null, Object(Config\Cache), false)
 8 FCPATH\index.php(67): CodeIgniter\CodeIgniter->run()
 9 SYSTEMPATH\Commands\Server\rewrite.php(47): require_once('E:\\xampp\\htdocs\\BPSI\\public\\index.php')
CRITICAL - 2023-08-06 09:40:48 --> Undefined array key "ph"
in APPPATH\Views\pages\charts\chartjs.php on line 142.
 1 APPPATH\Views\pages\charts\chartjs.php(142): CodeIgniter\Debug\Exceptions->errorHandler(2, 'Undefined array key "ph"', 'E:\\xampp\\htdocs\\BPSI\\app\\Views\\pages\\charts\\chartjs.php', 142)
 2 SYSTEMPATH\View\View.php(224): include('E:\\xampp\\htdocs\\BPSI\\app\\Views\\pages\\charts\\chartjs.php')
 3 SYSTEMPATH\View\View.php(227): CodeIgniter\View\View->CodeIgniter\View\{closure}()
 4 SYSTEMPATH\Common.php(1176): CodeIgniter\View\View->render('pages/charts/chartjs', [], true)
 5 APPPATH\Controllers\Bpsi.php(25): view('pages/charts/chartjs', [...])
 6 SYSTEMPATH\CodeIgniter.php(932): App\Controllers\Bpsi->halaman_charts()
 7 SYSTEMPATH\CodeIgniter.php(497): CodeIgniter\CodeIgniter->runController(Object(App\Controllers\Bpsi))
 8 SYSTEMPATH\CodeIgniter.php(366): CodeIgniter\CodeIgniter->handleRequest(null, Object(Config\Cache), false)
 9 FCPATH\index.php(67): CodeIgniter\CodeIgniter->run()
10 SYSTEMPATH\Commands\Server\rewrite.php(47): require_once('E:\\xampp\\htdocs\\BPSI\\public\\index.php')
CRITICAL - 2023-08-06 09:44:13 --> Undefined variable $hour
in APPPATH\Views\pages\charts\chartjs.php on line 153.
 1 APPPATH\Views\pages\charts\chartjs.php(153): CodeIgniter\Debug\Exceptions->errorHandler(2, 'Undefined variable $hour', 'E:\\xampp\\htdocs\\BPSI\\app\\Views\\pages\\charts\\chartjs.php', 153)
 2 SYSTEMPATH\View\View.php(224): include('E:\\xampp\\htdocs\\BPSI\\app\\Views\\pages\\charts\\chartjs.php')
 3 SYSTEMPATH\View\View.php(227): CodeIgniter\View\View->CodeIgniter\View\{closure}()
 4 SYSTEMPATH\Common.php(1176): CodeIgniter\View\View->render('pages/charts/chartjs', [], true)
 5 APPPATH\Controllers\Bpsi.php(25): view('pages/charts/chartjs', [...])
 6 SYSTEMPATH\CodeIgniter.php(932): App\Controllers\Bpsi->halaman_charts()
 7 SYSTEMPATH\CodeIgniter.php(497): CodeIgniter\CodeIgniter->runController(Object(App\Controllers\Bpsi))
 8 SYSTEMPATH\CodeIgniter.php(366): CodeIgniter\CodeIgniter->handleRequest(null, Object(Config\Cache), false)
 9 FCPATH\index.php(67): CodeIgniter\CodeIgniter->run()
10 SYSTEMPATH\Commands\Server\rewrite.php(47): require_once('E:\\xampp\\htdocs\\BPSI\\public\\index.php')
CRITICAL - 2023-08-06 09:44:34 --> Undefined array key "hour"
in APPPATH\Views\pages\charts\chartjs.php on line 146.
 1 APPPATH\Views\pages\charts\chartjs.php(146): CodeIgniter\Debug\Exceptions->errorHandler(2, 'Undefined array key "hour"', 'E:\\xampp\\htdocs\\BPSI\\app\\Views\\pages\\charts\\chartjs.php', 146)
 2 SYSTEMPATH\View\View.php(224): include('E:\\xampp\\htdocs\\BPSI\\app\\Views\\pages\\charts\\chartjs.php')
 3 SYSTEMPATH\View\View.php(227): CodeIgniter\View\View->CodeIgniter\View\{closure}()
 4 SYSTEMPATH\Common.php(1176): CodeIgniter\View\View->render('pages/charts/chartjs', [], true)
 5 APPPATH\Controllers\Bpsi.php(25): view('pages/charts/chartjs', [...])
 6 SYSTEMPATH\CodeIgniter.php(932): App\Controllers\Bpsi->halaman_charts()
 7 SYSTEMPATH\CodeIgniter.php(497): CodeIgniter\CodeIgniter->runController(Object(App\Controllers\Bpsi))
 8 SYSTEMPATH\CodeIgniter.php(366): CodeIgniter\CodeIgniter->handleRequest(null, Object(Config\Cache), false)
 9 FCPATH\index.php(67): CodeIgniter\CodeIgniter->run()
10 SYSTEMPATH\Commands\Server\rewrite.php(47): require_once('E:\\xampp\\htdocs\\BPSI\\public\\index.php')
CRITICAL - 2023-08-06 10:02:57 --> Undefined variable $average
in APPPATH\Views\pages\charts\chartjs.php on line 18.
 1 APPPATH\Views\pages\charts\chartjs.php(18): CodeIgniter\Debug\Exceptions->errorHandler(2, 'Undefined variable $average', 'E:\\xampp\\htdocs\\BPSI\\app\\Views\\pages\\charts\\chartjs.php', 18)
 2 SYSTEMPATH\View\View.php(224): include('E:\\xampp\\htdocs\\BPSI\\app\\Views\\pages\\charts\\chartjs.php')
 3 SYSTEMPATH\View\View.php(227): CodeIgniter\View\View->CodeIgniter\View\{closure}()
 4 SYSTEMPATH\Common.php(1176): CodeIgniter\View\View->render('pages/charts/chartjs', [], true)
 5 APPPATH\Controllers\Bpsi.php(25): view('pages/charts/chartjs', [...])
 6 SYSTEMPATH\CodeIgniter.php(932): App\Controllers\Bpsi->halaman_charts()
 7 SYSTEMPATH\CodeIgniter.php(497): CodeIgniter\CodeIgniter->runController(Object(App\Controllers\Bpsi))
 8 SYSTEMPATH\CodeIgniter.php(366): CodeIgniter\CodeIgniter->handleRequest(null, Object(Config\Cache), false)
 9 FCPATH\index.php(67): CodeIgniter\CodeIgniter->run()
10 SYSTEMPATH\Commands\Server\rewrite.php(47): require_once('E:\\xampp\\htdocs\\BPSI\\public\\index.php')
CRITICAL - 2023-08-06 10:08:44 --> Undefined variable $kualitas_limbah
in APPPATH\Views\pages\charts\chartjs.php on line 939.
 1 APPPATH\Views\pages\charts\chartjs.php(939): CodeIgniter\Debug\Exceptions->errorHandler(2, 'Undefined variable $kualitas_limbah', 'E:\\xampp\\htdocs\\BPSI\\app\\Views\\pages\\charts\\chartjs.php', 939)
 2 SYSTEMPATH\View\View.php(224): include('E:\\xampp\\htdocs\\BPSI\\app\\Views\\pages\\charts\\chartjs.php')
 3 SYSTEMPATH\View\View.php(227): CodeIgniter\View\View->CodeIgniter\View\{closure}()
 4 SYSTEMPATH\Common.php(1176): CodeIgniter\View\View->render('pages/charts/chartjs', [], true)
 5 APPPATH\Controllers\Bpsi.php(25): view('pages/charts/chartjs', [...])
 6 SYSTEMPATH\CodeIgniter.php(932): App\Controllers\Bpsi->halaman_charts()
 7 SYSTEMPATH\CodeIgniter.php(497): CodeIgniter\CodeIgniter->runController(Object(App\Controllers\Bpsi))
 8 SYSTEMPATH\CodeIgniter.php(366): CodeIgniter\CodeIgniter->handleRequest(null, Object(Config\Cache), false)
 9 FCPATH\index.php(67): CodeIgniter\CodeIgniter->run()
10 SYSTEMPATH\Commands\Server\rewrite.php(47): require_once('E:\\xampp\\htdocs\\BPSI\\public\\index.php')
CRITICAL - 2023-08-06 10:29:22 --> Undefined variable $average
in APPPATH\Views\pages\charts\chartjs.php on line 53.
 1 APPPATH\Views\pages\charts\chartjs.php(53): CodeIgniter\Debug\Exceptions->errorHandler(2, 'Undefined variable $average', 'E:\\xampp\\htdocs\\BPSI\\app\\Views\\pages\\charts\\chartjs.php', 53)
 2 SYSTEMPATH\View\View.php(224): include('E:\\xampp\\htdocs\\BPSI\\app\\Views\\pages\\charts\\chartjs.php')
 3 SYSTEMPATH\View\View.php(227): CodeIgniter\View\View->CodeIgniter\View\{closure}()
 4 SYSTEMPATH\Common.php(1176): CodeIgniter\View\View->render('pages/charts/chartjs', [], true)
 5 APPPATH\Controllers\Bpsi.php(25): view('pages/charts/chartjs', [...])
 6 SYSTEMPATH\CodeIgniter.php(932): App\Controllers\Bpsi->halaman_charts()
 7 SYSTEMPATH\CodeIgniter.php(497): CodeIgniter\CodeIgniter->runController(Object(App\Controllers\Bpsi))
 8 SYSTEMPATH\CodeIgniter.php(366): CodeIgniter\CodeIgniter->handleRequest(null, Object(Config\Cache), false)
 9 FCPATH\index.php(67): CodeIgniter\CodeIgniter->run()
10 SYSTEMPATH\Commands\Server\rewrite.php(47): require_once('E:\\xampp\\htdocs\\BPSI\\public\\index.php')
CRITICAL - 2023-08-06 10:37:25 --> Undefined variable $dataTab
in APPPATH\Views\pages\charts\chartjs.php on line 64.
 1 APPPATH\Views\pages\charts\chartjs.php(64): CodeIgniter\Debug\Exceptions->errorHandler(2, 'Undefined variable $dataTab', 'E:\\xampp\\htdocs\\BPSI\\app\\Views\\pages\\charts\\chartjs.php', 64)
 2 SYSTEMPATH\View\View.php(224): include('E:\\xampp\\htdocs\\BPSI\\app\\Views\\pages\\charts\\chartjs.php')
 3 SYSTEMPATH\View\View.php(227): CodeIgniter\View\View->CodeIgniter\View\{closure}()
 4 SYSTEMPATH\Common.php(1176): CodeIgniter\View\View->render('pages/charts/chartjs', [], true)
 5 APPPATH\Controllers\Bpsi.php(25): view('pages/charts/chartjs', [...])
 6 SYSTEMPATH\CodeIgniter.php(932): App\Controllers\Bpsi->halaman_charts()
 7 SYSTEMPATH\CodeIgniter.php(497): CodeIgniter\CodeIgniter->runController(Object(App\Controllers\Bpsi))
 8 SYSTEMPATH\CodeIgniter.php(366): CodeIgniter\CodeIgniter->handleRequest(null, Object(Config\Cache), false)
 9 FCPATH\index.php(67): CodeIgniter\CodeIgniter->run()
10 SYSTEMPATH\Commands\Server\rewrite.php(47): require_once('E:\\xampp\\htdocs\\BPSI\\public\\index.php')
CRITICAL - 2023-08-06 11:22:59 --> Undefined variable $data_grafik
in APPPATH\Views\pages\charts\chartjs.php on line 63.
 1 APPPATH\Views\pages\charts\chartjs.php(63): CodeIgniter\Debug\Exceptions->errorHandler(2, 'Undefined variable $data_grafik', 'E:\\xampp\\htdocs\\BPSI\\app\\Views\\pages\\charts\\chartjs.php', 63)
 2 SYSTEMPATH\View\View.php(224): include('E:\\xampp\\htdocs\\BPSI\\app\\Views\\pages\\charts\\chartjs.php')
 3 SYSTEMPATH\View\View.php(227): CodeIgniter\View\View->CodeIgniter\View\{closure}()
 4 SYSTEMPATH\Common.php(1176): CodeIgniter\View\View->render('pages/charts/chartjs', [], true)
 5 APPPATH\Controllers\Bpsi.php(26): view('pages/charts/chartjs', [...])
 6 SYSTEMPATH\CodeIgniter.php(932): App\Controllers\Bpsi->halaman_charts()
 7 SYSTEMPATH\CodeIgniter.php(497): CodeIgniter\CodeIgniter->runController(Object(App\Controllers\Bpsi))
 8 SYSTEMPATH\CodeIgniter.php(366): CodeIgniter\CodeIgniter->handleRequest(null, Object(Config\Cache), false)
 9 FCPATH\index.php(67): CodeIgniter\CodeIgniter->run()
10 SYSTEMPATH\Commands\Server\rewrite.php(47): require_once('E:\\xampp\\htdocs\\BPSI\\public\\index.php')
CRITICAL - 2023-08-06 11:23:33 --> Undefined variable $data_grafik
in APPPATH\Views\pages\charts\chartjs.php on line 63.
 1 APPPATH\Views\pages\charts\chartjs.php(63): CodeIgniter\Debug\Exceptions->errorHandler(2, 'Undefined variable $data_grafik', 'E:\\xampp\\htdocs\\BPSI\\app\\Views\\pages\\charts\\chartjs.php', 63)
 2 SYSTEMPATH\View\View.php(224): include('E:\\xampp\\htdocs\\BPSI\\app\\Views\\pages\\charts\\chartjs.php')
 3 SYSTEMPATH\View\View.php(227): CodeIgniter\View\View->CodeIgniter\View\{closure}()
 4 SYSTEMPATH\Common.php(1176): CodeIgniter\View\View->render('pages/charts/chartjs', [], true)
 5 APPPATH\Controllers\Bpsi.php(26): view('pages/charts/chartjs', [...])
 6 SYSTEMPATH\CodeIgniter.php(932): App\Controllers\Bpsi->halaman_charts()
 7 SYSTEMPATH\CodeIgniter.php(497): CodeIgniter\CodeIgniter->runController(Object(App\Controllers\Bpsi))
 8 SYSTEMPATH\CodeIgniter.php(366): CodeIgniter\CodeIgniter->handleRequest(null, Object(Config\Cache), false)
 9 FCPATH\index.php(67): CodeIgniter\CodeIgniter->run()
10 SYSTEMPATH\Commands\Server\rewrite.php(47): require_once('E:\\xampp\\htdocs\\BPSI\\public\\index.php')
CRITICAL - 2023-08-06 11:23:38 --> Undefined variable $data_grafik
in APPPATH\Views\pages\charts\chartjs.php on line 63.
 1 APPPATH\Views\pages\charts\chartjs.php(63): CodeIgniter\Debug\Exceptions->errorHandler(2, 'Undefined variable $data_grafik', 'E:\\xampp\\htdocs\\BPSI\\app\\Views\\pages\\charts\\chartjs.php', 63)
 2 SYSTEMPATH\View\View.php(224): include('E:\\xampp\\htdocs\\BPSI\\app\\Views\\pages\\charts\\chartjs.php')
 3 SYSTEMPATH\View\View.php(227): CodeIgniter\View\View->CodeIgniter\View\{closure}()
 4 SYSTEMPATH\Common.php(1176): CodeIgniter\View\View->render('pages/charts/chartjs', [], true)
 5 APPPATH\Controllers\Bpsi.php(26): view('pages/charts/chartjs', [...])
 6 SYSTEMPATH\CodeIgniter.php(932): App\Controllers\Bpsi->halaman_charts()
 7 SYSTEMPATH\CodeIgniter.php(497): CodeIgniter\CodeIgniter->runController(Object(App\Controllers\Bpsi))
 8 SYSTEMPATH\CodeIgniter.php(366): CodeIgniter\CodeIgniter->handleRequest(null, Object(Config\Cache), false)
 9 FCPATH\index.php(67): CodeIgniter\CodeIgniter->run()
10 SYSTEMPATH\Commands\Server\rewrite.php(47): require_once('E:\\xampp\\htdocs\\BPSI\\public\\index.php')
CRITICAL - 2023-08-06 11:24:13 --> Array to string conversion
in APPPATH\Views\pages\charts\chartjs.php on line 63.
 1 APPPATH\Views\pages\charts\chartjs.php(63): CodeIgniter\Debug\Exceptions->errorHandler(2, 'Array to string conversion', 'E:\\xampp\\htdocs\\BPSI\\app\\Views\\pages\\charts\\chartjs.php', 63)
 2 SYSTEMPATH\View\View.php(224): include('E:\\xampp\\htdocs\\BPSI\\app\\Views\\pages\\charts\\chartjs.php')
 3 SYSTEMPATH\View\View.php(227): CodeIgniter\View\View->CodeIgniter\View\{closure}()
 4 SYSTEMPATH\Common.php(1176): CodeIgniter\View\View->render('pages/charts/chartjs', [], true)
 5 APPPATH\Controllers\Bpsi.php(26): view('pages/charts/chartjs', [...])
 6 SYSTEMPATH\CodeIgniter.php(932): App\Controllers\Bpsi->halaman_charts()
 7 SYSTEMPATH\CodeIgniter.php(497): CodeIgniter\CodeIgniter->runController(Object(App\Controllers\Bpsi))
 8 SYSTEMPATH\CodeIgniter.php(366): CodeIgniter\CodeIgniter->handleRequest(null, Object(Config\Cache), false)
 9 FCPATH\index.php(67): CodeIgniter\CodeIgniter->run()
10 SYSTEMPATH\Commands\Server\rewrite.php(47): require_once('E:\\xampp\\htdocs\\BPSI\\public\\index.php')
CRITICAL - 2023-08-06 11:25:06 --> Array to string conversion
in APPPATH\Views\pages\charts\chartjs.php on line 63.
 1 APPPATH\Views\pages\charts\chartjs.php(63): CodeIgniter\Debug\Exceptions->errorHandler(2, 'Array to string conversion', 'E:\\xampp\\htdocs\\BPSI\\app\\Views\\pages\\charts\\chartjs.php', 63)
 2 SYSTEMPATH\View\View.php(224): include('E:\\xampp\\htdocs\\BPSI\\app\\Views\\pages\\charts\\chartjs.php')
 3 SYSTEMPATH\View\View.php(227): CodeIgniter\View\View->CodeIgniter\View\{closure}()
 4 SYSTEMPATH\Common.php(1176): CodeIgniter\View\View->render('pages/charts/chartjs', [], true)
 5 APPPATH\Controllers\Bpsi.php(26): view('pages/charts/chartjs', [...])
 6 SYSTEMPATH\CodeIgniter.php(932): App\Controllers\Bpsi->halaman_charts()
 7 SYSTEMPATH\CodeIgniter.php(497): CodeIgniter\CodeIgniter->runController(Object(App\Controllers\Bpsi))
 8 SYSTEMPATH\CodeIgniter.php(366): CodeIgniter\CodeIgniter->handleRequest(null, Object(Config\Cache), false)
 9 FCPATH\index.php(67): CodeIgniter\CodeIgniter->run()
10 SYSTEMPATH\Commands\Server\rewrite.php(47): require_once('E:\\xampp\\htdocs\\BPSI\\public\\index.php')
CRITICAL - 2023-08-06 11:25:10 --> Array to string conversion
in APPPATH\Views\pages\charts\chartjs.php on line 63.
 1 APPPATH\Views\pages\charts\chartjs.php(63): CodeIgniter\Debug\Exceptions->errorHandler(2, 'Array to string conversion', 'E:\\xampp\\htdocs\\BPSI\\app\\Views\\pages\\charts\\chartjs.php', 63)
 2 SYSTEMPATH\View\View.php(224): include('E:\\xampp\\htdocs\\BPSI\\app\\Views\\pages\\charts\\chartjs.php')
 3 SYSTEMPATH\View\View.php(227): CodeIgniter\View\View->CodeIgniter\View\{closure}()
 4 SYSTEMPATH\Common.php(1176): CodeIgniter\View\View->render('pages/charts/chartjs', [], true)
 5 APPPATH\Controllers\Bpsi.php(26): view('pages/charts/chartjs', [...])
 6 SYSTEMPATH\CodeIgniter.php(932): App\Controllers\Bpsi->halaman_charts()
 7 SYSTEMPATH\CodeIgniter.php(497): CodeIgniter\CodeIgniter->runController(Object(App\Controllers\Bpsi))
 8 SYSTEMPATH\CodeIgniter.php(366): CodeIgniter\CodeIgniter->handleRequest(null, Object(Config\Cache), false)
 9 FCPATH\index.php(67): CodeIgniter\CodeIgniter->run()
10 SYSTEMPATH\Commands\Server\rewrite.php(47): require_once('E:\\xampp\\htdocs\\BPSI\\public\\index.php')
CRITICAL - 2023-08-06 11:28:44 --> Array to string conversion
in APPPATH\Views\pages\charts\chartjs.php on line 63.
 1 APPPATH\Views\pages\charts\chartjs.php(63): CodeIgniter\Debug\Exceptions->errorHandler(2, 'Array to string conversion', 'E:\\xampp\\htdocs\\BPSI\\app\\Views\\pages\\charts\\chartjs.php', 63)
 2 SYSTEMPATH\View\View.php(224): include('E:\\xampp\\htdocs\\BPSI\\app\\Views\\pages\\charts\\chartjs.php')
 3 SYSTEMPATH\View\View.php(227): CodeIgniter\View\View->CodeIgniter\View\{closure}()
 4 SYSTEMPATH\Common.php(1176): CodeIgniter\View\View->render('pages/charts/chartjs', [], true)
 5 APPPATH\Controllers\Bpsi.php(27): view('pages/charts/chartjs', [...])
 6 SYSTEMPATH\CodeIgniter.php(932): App\Controllers\Bpsi->halaman_charts()
 7 SYSTEMPATH\CodeIgniter.php(497): CodeIgniter\CodeIgniter->runController(Object(App\Controllers\Bpsi))
 8 SYSTEMPATH\CodeIgniter.php(366): CodeIgniter\CodeIgniter->handleRequest(null, Object(Config\Cache), false)
 9 FCPATH\index.php(67): CodeIgniter\CodeIgniter->run()
10 SYSTEMPATH\Commands\Server\rewrite.php(47): require_once('E:\\xampp\\htdocs\\BPSI\\public\\index.php')
CRITICAL - 2023-08-06 11:29:54 --> Array to string conversion
in APPPATH\Views\pages\charts\chartjs.php on line 63.
 1 APPPATH\Views\pages\charts\chartjs.php(63): CodeIgniter\Debug\Exceptions->errorHandler(2, 'Array to string conversion', 'E:\\xampp\\htdocs\\BPSI\\app\\Views\\pages\\charts\\chartjs.php', 63)
 2 SYSTEMPATH\View\View.php(224): include('E:\\xampp\\htdocs\\BPSI\\app\\Views\\pages\\charts\\chartjs.php')
 3 SYSTEMPATH\View\View.php(227): CodeIgniter\View\View->CodeIgniter\View\{closure}()
 4 SYSTEMPATH\Common.php(1176): CodeIgniter\View\View->render('pages/charts/chartjs', [], true)
 5 APPPATH\Controllers\Bpsi.php(27): view('pages/charts/chartjs', [...])
 6 SYSTEMPATH\CodeIgniter.php(932): App\Controllers\Bpsi->halaman_charts()
 7 SYSTEMPATH\CodeIgniter.php(497): CodeIgniter\CodeIgniter->runController(Object(App\Controllers\Bpsi))
 8 SYSTEMPATH\CodeIgniter.php(366): CodeIgniter\CodeIgniter->handleRequest(null, Object(Config\Cache), false)
 9 FCPATH\index.php(67): CodeIgniter\CodeIgniter->run()
10 SYSTEMPATH\Commands\Server\rewrite.php(47): require_once('E:\\xampp\\htdocs\\BPSI\\public\\index.php')
CRITICAL - 2023-08-06 11:29:59 --> Array to string conversion
in APPPATH\Views\pages\charts\chartjs.php on line 63.
 1 APPPATH\Views\pages\charts\chartjs.php(63): CodeIgniter\Debug\Exceptions->errorHandler(2, 'Array to string conversion', 'E:\\xampp\\htdocs\\BPSI\\app\\Views\\pages\\charts\\chartjs.php', 63)
 2 SYSTEMPATH\View\View.php(224): include('E:\\xampp\\htdocs\\BPSI\\app\\Views\\pages\\charts\\chartjs.php')
 3 SYSTEMPATH\View\View.php(227): CodeIgniter\View\View->CodeIgniter\View\{closure}()
 4 SYSTEMPATH\Common.php(1176): CodeIgniter\View\View->render('pages/charts/chartjs', [], true)
 5 APPPATH\Controllers\Bpsi.php(27): view('pages/charts/chartjs', [...])
 6 SYSTEMPATH\CodeIgniter.php(932): App\Controllers\Bpsi->halaman_charts()
 7 SYSTEMPATH\CodeIgniter.php(497): CodeIgniter\CodeIgniter->runController(Object(App\Controllers\Bpsi))
 8 SYSTEMPATH\CodeIgniter.php(366): CodeIgniter\CodeIgniter->handleRequest(null, Object(Config\Cache), false)
 9 FCPATH\index.php(67): CodeIgniter\CodeIgniter->run()
10 SYSTEMPATH\Commands\Server\rewrite.php(47): require_once('E:\\xampp\\htdocs\\BPSI\\public\\index.php')
CRITICAL - 2023-08-06 11:31:55 --> Undefined variable $waktu
in APPPATH\Views\pages\charts\chartjs.php on line 66.
 1 APPPATH\Views\pages\charts\chartjs.php(66): CodeIgniter\Debug\Exceptions->errorHandler(2, 'Undefined variable $waktu', 'E:\\xampp\\htdocs\\BPSI\\app\\Views\\pages\\charts\\chartjs.php', 66)
 2 SYSTEMPATH\View\View.php(224): include('E:\\xampp\\htdocs\\BPSI\\app\\Views\\pages\\charts\\chartjs.php')
 3 SYSTEMPATH\View\View.php(227): CodeIgniter\View\View->CodeIgniter\View\{closure}()
 4 SYSTEMPATH\Common.php(1176): CodeIgniter\View\View->render('pages/charts/chartjs', [], true)
 5 APPPATH\Controllers\Bpsi.php(27): view('pages/charts/chartjs', [...])
 6 SYSTEMPATH\CodeIgniter.php(932): App\Controllers\Bpsi->halaman_charts()
 7 SYSTEMPATH\CodeIgniter.php(497): CodeIgniter\CodeIgniter->runController(Object(App\Controllers\Bpsi))
 8 SYSTEMPATH\CodeIgniter.php(366): CodeIgniter\CodeIgniter->handleRequest(null, Object(Config\Cache), false)
 9 FCPATH\index.php(67): CodeIgniter\CodeIgniter->run()
10 SYSTEMPATH\Commands\Server\rewrite.php(47): require_once('E:\\xampp\\htdocs\\BPSI\\public\\index.php')
CRITICAL - 2023-08-06 05:35:03 --> Undefined variable $data
in APPPATH\Views\pages\tables\export.php on line 57.
 1 APPPATH\Views\pages\tables\export.php(57): CodeIgniter\Debug\Exceptions->errorHandler(2, 'Undefined variable $data', 'E:\\xampp\\htdocs\\BPSI\\app\\Views\\pages\\tables\\export.php', 57)
 2 SYSTEMPATH\View\View.php(224): include('E:\\xampp\\htdocs\\BPSI\\app\\Views\\pages\\tables\\export.php')
 3 SYSTEMPATH\View\View.php(227): CodeIgniter\View\View->CodeIgniter\View\{closure}()
 4 SYSTEMPATH\Common.php(1176): CodeIgniter\View\View->render('pages/tables/export.php', [], true)
 5 APPPATH\Controllers\Home.php(28): view('pages/tables/export.php', [...])
 6 SYSTEMPATH\CodeIgniter.php(932): App\Controllers\Home->export()
 7 SYSTEMPATH\CodeIgniter.php(497): CodeIgniter\CodeIgniter->runController(Object(App\Controllers\Home))
 8 SYSTEMPATH\CodeIgniter.php(366): CodeIgniter\CodeIgniter->handleRequest(null, Object(Config\Cache), false)
 9 FCPATH\index.php(67): CodeIgniter\CodeIgniter->run()
10 SYSTEMPATH\Commands\Server\rewrite.php(47): require_once('E:\\xampp\\htdocs\\BPSI\\public\\index.php')
CRITICAL - 2023-08-06 05:35:05 --> Undefined variable $data
in APPPATH\Views\pages\tables\export.php on line 57.
 1 APPPATH\Views\pages\tables\export.php(57): CodeIgniter\Debug\Exceptions->errorHandler(2, 'Undefined variable $data', 'E:\\xampp\\htdocs\\BPSI\\app\\Views\\pages\\tables\\export.php', 57)
 2 SYSTEMPATH\View\View.php(224): include('E:\\xampp\\htdocs\\BPSI\\app\\Views\\pages\\tables\\export.php')
 3 SYSTEMPATH\View\View.php(227): CodeIgniter\View\View->CodeIgniter\View\{closure}()
 4 SYSTEMPATH\Common.php(1176): CodeIgniter\View\View->render('pages/tables/export.php', [], true)
 5 APPPATH\Controllers\Home.php(28): view('pages/tables/export.php', [...])
 6 SYSTEMPATH\CodeIgniter.php(932): App\Controllers\Home->export()
 7 SYSTEMPATH\CodeIgniter.php(497): CodeIgniter\CodeIgniter->runController(Object(App\Controllers\Home))
 8 SYSTEMPATH\CodeIgniter.php(366): CodeIgniter\CodeIgniter->handleRequest(null, Object(Config\Cache), false)
 9 FCPATH\index.php(67): CodeIgniter\CodeIgniter->run()
10 SYSTEMPATH\Commands\Server\rewrite.php(47): require_once('E:\\xampp\\htdocs\\BPSI\\public\\index.php')
CRITICAL - 2023-08-06 05:35:10 --> Undefined variable $data
in APPPATH\Views\pages\tables\export.php on line 57.
 1 APPPATH\Views\pages\tables\export.php(57): CodeIgniter\Debug\Exceptions->errorHandler(2, 'Undefined variable $data', 'E:\\xampp\\htdocs\\BPSI\\app\\Views\\pages\\tables\\export.php', 57)
 2 SYSTEMPATH\View\View.php(224): include('E:\\xampp\\htdocs\\BPSI\\app\\Views\\pages\\tables\\export.php')
 3 SYSTEMPATH\View\View.php(227): CodeIgniter\View\View->CodeIgniter\View\{closure}()
 4 SYSTEMPATH\Common.php(1176): CodeIgniter\View\View->render('pages/tables/export.php', [], true)
 5 APPPATH\Controllers\Home.php(28): view('pages/tables/export.php', [...])
 6 SYSTEMPATH\CodeIgniter.php(932): App\Controllers\Home->export()
 7 SYSTEMPATH\CodeIgniter.php(497): CodeIgniter\CodeIgniter->runController(Object(App\Controllers\Home))
 8 SYSTEMPATH\CodeIgniter.php(366): CodeIgniter\CodeIgniter->handleRequest(null, Object(Config\Cache), false)
 9 FCPATH\index.php(67): CodeIgniter\CodeIgniter->run()
10 SYSTEMPATH\Commands\Server\rewrite.php(47): require_once('E:\\xampp\\htdocs\\BPSI\\public\\index.php')
CRITICAL - 2023-08-06 05:35:19 --> Undefined variable $data
in APPPATH\Views\pages\tables\export.php on line 57.
 1 APPPATH\Views\pages\tables\export.php(57): CodeIgniter\Debug\Exceptions->errorHandler(2, 'Undefined variable $data', 'E:\\xampp\\htdocs\\BPSI\\app\\Views\\pages\\tables\\export.php', 57)
 2 SYSTEMPATH\View\View.php(224): include('E:\\xampp\\htdocs\\BPSI\\app\\Views\\pages\\tables\\export.php')
 3 SYSTEMPATH\View\View.php(227): CodeIgniter\View\View->CodeIgniter\View\{closure}()
 4 SYSTEMPATH\Common.php(1176): CodeIgniter\View\View->render('pages/tables/export.php', [], true)
 5 APPPATH\Controllers\Home.php(28): view('pages/tables/export.php', [...])
 6 SYSTEMPATH\CodeIgniter.php(932): App\Controllers\Home->export()
 7 SYSTEMPATH\CodeIgniter.php(497): CodeIgniter\CodeIgniter->runController(Object(App\Controllers\Home))
 8 SYSTEMPATH\CodeIgniter.php(366): CodeIgniter\CodeIgniter->handleRequest(null, Object(Config\Cache), false)
 9 FCPATH\index.php(67): CodeIgniter\CodeIgniter->run()
10 SYSTEMPATH\Commands\Server\rewrite.php(47): require_once('E:\\xampp\\htdocs\\BPSI\\public\\index.php')
CRITICAL - 2023-08-06 05:35:20 --> Undefined variable $data
in APPPATH\Views\pages\tables\export.php on line 57.
 1 APPPATH\Views\pages\tables\export.php(57): CodeIgniter\Debug\Exceptions->errorHandler(2, 'Undefined variable $data', 'E:\\xampp\\htdocs\\BPSI\\app\\Views\\pages\\tables\\export.php', 57)
 2 SYSTEMPATH\View\View.php(224): include('E:\\xampp\\htdocs\\BPSI\\app\\Views\\pages\\tables\\export.php')
 3 SYSTEMPATH\View\View.php(227): CodeIgniter\View\View->CodeIgniter\View\{closure}()
 4 SYSTEMPATH\Common.php(1176): CodeIgniter\View\View->render('pages/tables/export.php', [], true)
 5 APPPATH\Controllers\Home.php(28): view('pages/tables/export.php', [...])
 6 SYSTEMPATH\CodeIgniter.php(932): App\Controllers\Home->export()
 7 SYSTEMPATH\CodeIgniter.php(497): CodeIgniter\CodeIgniter->runController(Object(App\Controllers\Home))
 8 SYSTEMPATH\CodeIgniter.php(366): CodeIgniter\CodeIgniter->handleRequest(null, Object(Config\Cache), false)
 9 FCPATH\index.php(67): CodeIgniter\CodeIgniter->run()
10 SYSTEMPATH\Commands\Server\rewrite.php(47): require_once('E:\\xampp\\htdocs\\BPSI\\public\\index.php')
CRITICAL - 2023-08-06 05:35:26 --> Undefined variable $data
in APPPATH\Views\pages\tables\export.php on line 57.
 1 APPPATH\Views\pages\tables\export.php(57): CodeIgniter\Debug\Exceptions->errorHandler(2, 'Undefined variable $data', 'E:\\xampp\\htdocs\\BPSI\\app\\Views\\pages\\tables\\export.php', 57)
 2 SYSTEMPATH\View\View.php(224): include('E:\\xampp\\htdocs\\BPSI\\app\\Views\\pages\\tables\\export.php')
 3 SYSTEMPATH\View\View.php(227): CodeIgniter\View\View->CodeIgniter\View\{closure}()
 4 SYSTEMPATH\Common.php(1176): CodeIgniter\View\View->render('pages/tables/export.php', [], true)
 5 APPPATH\Controllers\Home.php(28): view('pages/tables/export.php', [...])
 6 SYSTEMPATH\CodeIgniter.php(932): App\Controllers\Home->export()
 7 SYSTEMPATH\CodeIgniter.php(497): CodeIgniter\CodeIgniter->runController(Object(App\Controllers\Home))
 8 SYSTEMPATH\CodeIgniter.php(366): CodeIgniter\CodeIgniter->handleRequest(null, Object(Config\Cache), false)
 9 FCPATH\index.php(67): CodeIgniter\CodeIgniter->run()
10 SYSTEMPATH\Commands\Server\rewrite.php(47): require_once('E:\\xampp\\htdocs\\BPSI\\public\\index.php')
CRITICAL - 2023-08-06 05:36:41 --> Undefined variable $data
in APPPATH\Views\pages\tables\export.php on line 57.
 1 APPPATH\Views\pages\tables\export.php(57): CodeIgniter\Debug\Exceptions->errorHandler(2, 'Undefined variable $data', 'E:\\xampp\\htdocs\\BPSI\\app\\Views\\pages\\tables\\export.php', 57)
 2 SYSTEMPATH\View\View.php(224): include('E:\\xampp\\htdocs\\BPSI\\app\\Views\\pages\\tables\\export.php')
 3 SYSTEMPATH\View\View.php(227): CodeIgniter\View\View->CodeIgniter\View\{closure}()
 4 SYSTEMPATH\Common.php(1176): CodeIgniter\View\View->render('pages/tables/export.php', [], true)
 5 APPPATH\Controllers\Home.php(28): view('pages/tables/export.php', [...])
 6 SYSTEMPATH\CodeIgniter.php(932): App\Controllers\Home->export()
 7 SYSTEMPATH\CodeIgniter.php(497): CodeIgniter\CodeIgniter->runController(Object(App\Controllers\Home))
 8 SYSTEMPATH\CodeIgniter.php(366): CodeIgniter\CodeIgniter->handleRequest(null, Object(Config\Cache), false)
 9 FCPATH\index.php(67): CodeIgniter\CodeIgniter->run()
10 SYSTEMPATH\Commands\Server\rewrite.php(47): require_once('E:\\xampp\\htdocs\\BPSI\\public\\index.php')
CRITICAL - 2023-08-06 05:36:42 --> Undefined variable $data
in APPPATH\Views\pages\tables\export.php on line 57.
 1 APPPATH\Views\pages\tables\export.php(57): CodeIgniter\Debug\Exceptions->errorHandler(2, 'Undefined variable $data', 'E:\\xampp\\htdocs\\BPSI\\app\\Views\\pages\\tables\\export.php', 57)
 2 SYSTEMPATH\View\View.php(224): include('E:\\xampp\\htdocs\\BPSI\\app\\Views\\pages\\tables\\export.php')
 3 SYSTEMPATH\View\View.php(227): CodeIgniter\View\View->CodeIgniter\View\{closure}()
 4 SYSTEMPATH\Common.php(1176): CodeIgniter\View\View->render('pages/tables/export.php', [], true)
 5 APPPATH\Controllers\Home.php(28): view('pages/tables/export.php', [...])
 6 SYSTEMPATH\CodeIgniter.php(932): App\Controllers\Home->export()
 7 SYSTEMPATH\CodeIgniter.php(497): CodeIgniter\CodeIgniter->runController(Object(App\Controllers\Home))
 8 SYSTEMPATH\CodeIgniter.php(366): CodeIgniter\CodeIgniter->handleRequest(null, Object(Config\Cache), false)
 9 FCPATH\index.php(67): CodeIgniter\CodeIgniter->run()
10 SYSTEMPATH\Commands\Server\rewrite.php(47): require_once('E:\\xampp\\htdocs\\BPSI\\public\\index.php')
INFO - 2023-08-06 06:10:04 --> Session: Class initialized using 'CodeIgniter\Session\Handlers\FileHandler' driver.
INFO - 2023-08-06 06:11:58 --> Session: Class initialized using 'CodeIgniter\Session\Handlers\FileHandler' driver.
CRITICAL - 2023-08-06 06:40:57 --> Undefined array key "kualitas_limbah"
in APPPATH\Views\index.php on line 22.
 1 APPPATH\Views\index.php(22): CodeIgniter\Debug\Exceptions->errorHandler(2, 'Undefined array key "kualitas_limbah"', 'E:\\xampp\\htdocs\\BPSI\\app\\Views\\index.php', 22)
 2 SYSTEMPATH\View\View.php(224): include('E:\\xampp\\htdocs\\BPSI\\app\\Views\\index.php')
 3 SYSTEMPATH\View\View.php(227): CodeIgniter\View\View->CodeIgniter\View\{closure}()
 4 SYSTEMPATH\Common.php(1176): CodeIgniter\View\View->render('index', [], true)
 5 APPPATH\Controllers\Home.php(15): view('index', [...])
 6 SYSTEMPATH\CodeIgniter.php(932): App\Controllers\Home->index()
 7 SYSTEMPATH\CodeIgniter.php(497): CodeIgniter\CodeIgniter->runController(Object(App\Controllers\Home))
 8 SYSTEMPATH\CodeIgniter.php(366): CodeIgniter\CodeIgniter->handleRequest(null, Object(Config\Cache), false)
 9 FCPATH\index.php(67): CodeIgniter\CodeIgniter->run()
10 SYSTEMPATH\Commands\Server\rewrite.php(47): require_once('E:\\xampp\\htdocs\\BPSI\\public\\index.php')
CRITICAL - 2023-08-06 06:42:17 --> Undefined array key "waktu"
in APPPATH\Views\index.php on line 22.
 1 APPPATH\Views\index.php(22): CodeIgniter\Debug\Exceptions->errorHandler(2, 'Undefined array key "waktu"', 'E:\\xampp\\htdocs\\BPSI\\app\\Views\\index.php', 22)
 2 SYSTEMPATH\View\View.php(224): include('E:\\xampp\\htdocs\\BPSI\\app\\Views\\index.php')
 3 SYSTEMPATH\View\View.php(227): CodeIgniter\View\View->CodeIgniter\View\{closure}()
 4 SYSTEMPATH\Common.php(1176): CodeIgniter\View\View->render('index', [], true)
 5 APPPATH\Controllers\Home.php(15): view('index', [...])
 6 SYSTEMPATH\CodeIgniter.php(932): App\Controllers\Home->index()
 7 SYSTEMPATH\CodeIgniter.php(497): CodeIgniter\CodeIgniter->runController(Object(App\Controllers\Home))
 8 SYSTEMPATH\CodeIgniter.php(366): CodeIgniter\CodeIgniter->handleRequest(null, Object(Config\Cache), false)
 9 FCPATH\index.php(67): CodeIgniter\CodeIgniter->run()
10 SYSTEMPATH\Commands\Server\rewrite.php(47): require_once('E:\\xampp\\htdocs\\BPSI\\public\\index.php')
CRITICAL - 2023-08-06 06:45:41 --> Undefined array key "waktu"
in APPPATH\Views\index.php on line 22.
 1 APPPATH\Views\index.php(22): CodeIgniter\Debug\Exceptions->errorHandler(2, 'Undefined array key "waktu"', 'E:\\xampp\\htdocs\\BPSI\\app\\Views\\index.php', 22)
 2 SYSTEMPATH\View\View.php(224): include('E:\\xampp\\htdocs\\BPSI\\app\\Views\\index.php')
 3 SYSTEMPATH\View\View.php(227): CodeIgniter\View\View->CodeIgniter\View\{closure}()
 4 SYSTEMPATH\Common.php(1176): CodeIgniter\View\View->render('index', [], true)
 5 APPPATH\Controllers\Home.php(15): view('index', [...])
 6 SYSTEMPATH\CodeIgniter.php(932): App\Controllers\Home->index()
 7 SYSTEMPATH\CodeIgniter.php(497): CodeIgniter\CodeIgniter->runController(Object(App\Controllers\Home))
 8 SYSTEMPATH\CodeIgniter.php(366): CodeIgniter\CodeIgniter->handleRequest(null, Object(Config\Cache), false)
 9 FCPATH\index.php(67): CodeIgniter\CodeIgniter->run()
10 SYSTEMPATH\Commands\Server\rewrite.php(47): require_once('E:\\xampp\\htdocs\\BPSI\\public\\index.php')
CRITICAL - 2023-08-06 06:46:41 --> Undefined array key "kualitas_limbah"
in APPPATH\Views\index.php on line 22.
 1 APPPATH\Views\index.php(22): CodeIgniter\Debug\Exceptions->errorHandler(2, 'Undefined array key "kualitas_limbah"', 'E:\\xampp\\htdocs\\BPSI\\app\\Views\\index.php', 22)
 2 SYSTEMPATH\View\View.php(224): include('E:\\xampp\\htdocs\\BPSI\\app\\Views\\index.php')
 3 SYSTEMPATH\View\View.php(227): CodeIgniter\View\View->CodeIgniter\View\{closure}()
 4 SYSTEMPATH\Common.php(1176): CodeIgniter\View\View->render('index', [], true)
 5 APPPATH\Controllers\Home.php(15): view('index', [...])
 6 SYSTEMPATH\CodeIgniter.php(932): App\Controllers\Home->index()
 7 SYSTEMPATH\CodeIgniter.php(497): CodeIgniter\CodeIgniter->runController(Object(App\Controllers\Home))
 8 SYSTEMPATH\CodeIgniter.php(366): CodeIgniter\CodeIgniter->handleRequest(null, Object(Config\Cache), false)
 9 FCPATH\index.php(67): CodeIgniter\CodeIgniter->run()
10 SYSTEMPATH\Commands\Server\rewrite.php(47): require_once('E:\\xampp\\htdocs\\BPSI\\public\\index.php')
CRITICAL - 2023-08-06 06:46:58 --> Undefined array key "ph"
in APPPATH\Views\index.php on line 22.
 1 APPPATH\Views\index.php(22): CodeIgniter\Debug\Exceptions->errorHandler(2, 'Undefined array key "ph"', 'E:\\xampp\\htdocs\\BPSI\\app\\Views\\index.php', 22)
 2 SYSTEMPATH\View\View.php(224): include('E:\\xampp\\htdocs\\BPSI\\app\\Views\\index.php')
 3 SYSTEMPATH\View\View.php(227): CodeIgniter\View\View->CodeIgniter\View\{closure}()
 4 SYSTEMPATH\Common.php(1176): CodeIgniter\View\View->render('index', [], true)
 5 APPPATH\Controllers\Home.php(15): view('index', [...])
 6 SYSTEMPATH\CodeIgniter.php(932): App\Controllers\Home->index()
 7 SYSTEMPATH\CodeIgniter.php(497): CodeIgniter\CodeIgniter->runController(Object(App\Controllers\Home))
 8 SYSTEMPATH\CodeIgniter.php(366): CodeIgniter\CodeIgniter->handleRequest(null, Object(Config\Cache), false)
 9 FCPATH\index.php(67): CodeIgniter\CodeIgniter->run()
10 SYSTEMPATH\Commands\Server\rewrite.php(47): require_once('E:\\xampp\\htdocs\\BPSI\\public\\index.php')
CRITICAL - 2023-08-06 06:49:37 --> Undefined array key "kualitas_limbah"
in APPPATH\Views\index.php on line 22.
 1 APPPATH\Views\index.php(22): CodeIgniter\Debug\Exceptions->errorHandler(2, 'Undefined array key "kualitas_limbah"', 'E:\\xampp\\htdocs\\BPSI\\app\\Views\\index.php', 22)
 2 SYSTEMPATH\View\View.php(224): include('E:\\xampp\\htdocs\\BPSI\\app\\Views\\index.php')
 3 SYSTEMPATH\View\View.php(227): CodeIgniter\View\View->CodeIgniter\View\{closure}()
 4 SYSTEMPATH\Common.php(1176): CodeIgniter\View\View->render('index', [], true)
 5 APPPATH\Controllers\Home.php(15): view('index', [...])
 6 SYSTEMPATH\CodeIgniter.php(932): App\Controllers\Home->index()
 7 SYSTEMPATH\CodeIgniter.php(497): CodeIgniter\CodeIgniter->runController(Object(App\Controllers\Home))
 8 SYSTEMPATH\CodeIgniter.php(366): CodeIgniter\CodeIgniter->handleRequest(null, Object(Config\Cache), false)
 9 FCPATH\index.php(67): CodeIgniter\CodeIgniter->run()
10 SYSTEMPATH\Commands\Server\rewrite.php(47): require_once('E:\\xampp\\htdocs\\BPSI\\public\\index.php')
CRITICAL - 2023-08-06 06:49:53 --> Undefined array key "kualitas_limbah"
in APPPATH\Views\index.php on line 22.
 1 APPPATH\Views\index.php(22): CodeIgniter\Debug\Exceptions->errorHandler(2, 'Undefined array key "kualitas_limbah"', 'E:\\xampp\\htdocs\\BPSI\\app\\Views\\index.php', 22)
 2 SYSTEMPATH\View\View.php(224): include('E:\\xampp\\htdocs\\BPSI\\app\\Views\\index.php')
 3 SYSTEMPATH\View\View.php(227): CodeIgniter\View\View->CodeIgniter\View\{closure}()
 4 SYSTEMPATH\Common.php(1176): CodeIgniter\View\View->render('index', [], true)
 5 APPPATH\Controllers\Home.php(15): view('index', [...])
 6 SYSTEMPATH\CodeIgniter.php(932): App\Controllers\Home->index()
 7 SYSTEMPATH\CodeIgniter.php(497): CodeIgniter\CodeIgniter->runController(Object(App\Controllers\Home))
 8 SYSTEMPATH\CodeIgniter.php(366): CodeIgniter\CodeIgniter->handleRequest(null, Object(Config\Cache), false)
 9 FCPATH\index.php(67): CodeIgniter\CodeIgniter->run()
10 SYSTEMPATH\Commands\Server\rewrite.php(47): require_once('E:\\xampp\\htdocs\\BPSI\\public\\index.php')
CRITICAL - 2023-08-06 06:50:08 --> Undefined array key "kualitas_limbah"
in APPPATH\Views\index.php on line 22.
 1 APPPATH\Views\index.php(22): CodeIgniter\Debug\Exceptions->errorHandler(2, 'Undefined array key "kualitas_limbah"', 'E:\\xampp\\htdocs\\BPSI\\app\\Views\\index.php', 22)
 2 SYSTEMPATH\View\View.php(224): include('E:\\xampp\\htdocs\\BPSI\\app\\Views\\index.php')
 3 SYSTEMPATH\View\View.php(227): CodeIgniter\View\View->CodeIgniter\View\{closure}()
 4 SYSTEMPATH\Common.php(1176): CodeIgniter\View\View->render('index', [], true)
 5 APPPATH\Controllers\Home.php(15): view('index', [...])
 6 SYSTEMPATH\CodeIgniter.php(932): App\Controllers\Home->index()
 7 SYSTEMPATH\CodeIgniter.php(497): CodeIgniter\CodeIgniter->runController(Object(App\Controllers\Home))
 8 SYSTEMPATH\CodeIgniter.php(366): CodeIgniter\CodeIgniter->handleRequest(null, Object(Config\Cache), false)
 9 FCPATH\index.php(67): CodeIgniter\CodeIgniter->run()
10 SYSTEMPATH\Commands\Server\rewrite.php(47): require_once('E:\\xampp\\htdocs\\BPSI\\public\\index.php')
CRITICAL - 2023-08-06 06:50:17 --> Undefined array key "ph"
in APPPATH\Views\index.php on line 22.
 1 APPPATH\Views\index.php(22): CodeIgniter\Debug\Exceptions->errorHandler(2, 'Undefined array key "ph"', 'E:\\xampp\\htdocs\\BPSI\\app\\Views\\index.php', 22)
 2 SYSTEMPATH\View\View.php(224): include('E:\\xampp\\htdocs\\BPSI\\app\\Views\\index.php')
 3 SYSTEMPATH\View\View.php(227): CodeIgniter\View\View->CodeIgniter\View\{closure}()
 4 SYSTEMPATH\Common.php(1176): CodeIgniter\View\View->render('index', [], true)
 5 APPPATH\Controllers\Home.php(15): view('index', [...])
 6 SYSTEMPATH\CodeIgniter.php(932): App\Controllers\Home->index()
 7 SYSTEMPATH\CodeIgniter.php(497): CodeIgniter\CodeIgniter->runController(Object(App\Controllers\Home))
 8 SYSTEMPATH\CodeIgniter.php(366): CodeIgniter\CodeIgniter->handleRequest(null, Object(Config\Cache), false)
 9 FCPATH\index.php(67): CodeIgniter\CodeIgniter->run()
10 SYSTEMPATH\Commands\Server\rewrite.php(47): require_once('E:\\xampp\\htdocs\\BPSI\\public\\index.php')
CRITICAL - 2023-08-06 06:51:03 --> Undefined array key "kualitas_limbah"
in APPPATH\Views\index.php on line 22.
 1 APPPATH\Views\index.php(22): CodeIgniter\Debug\Exceptions->errorHandler(2, 'Undefined array key "kualitas_limbah"', 'E:\\xampp\\htdocs\\BPSI\\app\\Views\\index.php', 22)
 2 SYSTEMPATH\View\View.php(224): include('E:\\xampp\\htdocs\\BPSI\\app\\Views\\index.php')
 3 SYSTEMPATH\View\View.php(227): CodeIgniter\View\View->CodeIgniter\View\{closure}()
 4 SYSTEMPATH\Common.php(1176): CodeIgniter\View\View->render('index', [], true)
 5 APPPATH\Controllers\Home.php(15): view('index', [...])
 6 SYSTEMPATH\CodeIgniter.php(932): App\Controllers\Home->index()
 7 SYSTEMPATH\CodeIgniter.php(497): CodeIgniter\CodeIgniter->runController(Object(App\Controllers\Home))
 8 SYSTEMPATH\CodeIgniter.php(366): CodeIgniter\CodeIgniter->handleRequest(null, Object(Config\Cache), false)
 9 FCPATH\index.php(67): CodeIgniter\CodeIgniter->run()
10 SYSTEMPATH\Commands\Server\rewrite.php(47): require_once('E:\\xampp\\htdocs\\BPSI\\public\\index.php')
CRITICAL - 2023-08-06 06:52:37 --> Undefined array key "kualitas_limbah"
in APPPATH\Views\index.php on line 22.
 1 APPPATH\Views\index.php(22): CodeIgniter\Debug\Exceptions->errorHandler(2, 'Undefined array key "kualitas_limbah"', 'E:\\xampp\\htdocs\\BPSI\\app\\Views\\index.php', 22)
 2 SYSTEMPATH\View\View.php(224): include('E:\\xampp\\htdocs\\BPSI\\app\\Views\\index.php')
 3 SYSTEMPATH\View\View.php(227): CodeIgniter\View\View->CodeIgniter\View\{closure}()
 4 SYSTEMPATH\Common.php(1176): CodeIgniter\View\View->render('index', [], true)
 5 APPPATH\Controllers\Home.php(15): view('index', [...])
 6 SYSTEMPATH\CodeIgniter.php(932): App\Controllers\Home->index()
 7 SYSTEMPATH\CodeIgniter.php(497): CodeIgniter\CodeIgniter->runController(Object(App\Controllers\Home))
 8 SYSTEMPATH\CodeIgniter.php(366): CodeIgniter\CodeIgniter->handleRequest(null, Object(Config\Cache), false)
 9 FCPATH\index.php(67): CodeIgniter\CodeIgniter->run()
10 SYSTEMPATH\Commands\Server\rewrite.php(47): require_once('E:\\xampp\\htdocs\\BPSI\\public\\index.php')
CRITICAL - 2023-08-06 06:52:39 --> Undefined array key "kualitas_limbah"
in APPPATH\Views\index.php on line 22.
 1 APPPATH\Views\index.php(22): CodeIgniter\Debug\Exceptions->errorHandler(2, 'Undefined array key "kualitas_limbah"', 'E:\\xampp\\htdocs\\BPSI\\app\\Views\\index.php', 22)
 2 SYSTEMPATH\View\View.php(224): include('E:\\xampp\\htdocs\\BPSI\\app\\Views\\index.php')
 3 SYSTEMPATH\View\View.php(227): CodeIgniter\View\View->CodeIgniter\View\{closure}()
 4 SYSTEMPATH\Common.php(1176): CodeIgniter\View\View->render('index', [], true)
 5 APPPATH\Controllers\Home.php(15): view('index', [...])
 6 SYSTEMPATH\CodeIgniter.php(932): App\Controllers\Home->index()
 7 SYSTEMPATH\CodeIgniter.php(497): CodeIgniter\CodeIgniter->runController(Object(App\Controllers\Home))
 8 SYSTEMPATH\CodeIgniter.php(366): CodeIgniter\CodeIgniter->handleRequest(null, Object(Config\Cache), false)
 9 FCPATH\index.php(67): CodeIgniter\CodeIgniter->run()
10 SYSTEMPATH\Commands\Server\rewrite.php(47): require_once('E:\\xampp\\htdocs\\BPSI\\public\\index.php')
CRITICAL - 2023-08-06 06:53:42 --> Undefined array key "kualitas_limbah"
in APPPATH\Views\index.php on line 22.
 1 APPPATH\Views\index.php(22): CodeIgniter\Debug\Exceptions->errorHandler(2, 'Undefined array key "kualitas_limbah"', 'E:\\xampp\\htdocs\\BPSI\\app\\Views\\index.php', 22)
 2 SYSTEMPATH\View\View.php(224): include('E:\\xampp\\htdocs\\BPSI\\app\\Views\\index.php')
 3 SYSTEMPATH\View\View.php(227): CodeIgniter\View\View->CodeIgniter\View\{closure}()
 4 SYSTEMPATH\Common.php(1176): CodeIgniter\View\View->render('index', [], true)
 5 APPPATH\Controllers\Home.php(15): view('index', [...])
 6 SYSTEMPATH\CodeIgniter.php(932): App\Controllers\Home->index()
 7 SYSTEMPATH\CodeIgniter.php(497): CodeIgniter\CodeIgniter->runController(Object(App\Controllers\Home))
 8 SYSTEMPATH\CodeIgniter.php(366): CodeIgniter\CodeIgniter->handleRequest(null, Object(Config\Cache), false)
 9 FCPATH\index.php(67): CodeIgniter\CodeIgniter->run()
10 SYSTEMPATH\Commands\Server\rewrite.php(47): require_once('E:\\xampp\\htdocs\\BPSI\\public\\index.php')
CRITICAL - 2023-08-06 06:53:43 --> Undefined array key "kualitas_limbah"
in APPPATH\Views\index.php on line 22.
 1 APPPATH\Views\index.php(22): CodeIgniter\Debug\Exceptions->errorHandler(2, 'Undefined array key "kualitas_limbah"', 'E:\\xampp\\htdocs\\BPSI\\app\\Views\\index.php', 22)
 2 SYSTEMPATH\View\View.php(224): include('E:\\xampp\\htdocs\\BPSI\\app\\Views\\index.php')
 3 SYSTEMPATH\View\View.php(227): CodeIgniter\View\View->CodeIgniter\View\{closure}()
 4 SYSTEMPATH\Common.php(1176): CodeIgniter\View\View->render('index', [], true)
 5 APPPATH\Controllers\Home.php(15): view('index', [...])
 6 SYSTEMPATH\CodeIgniter.php(932): App\Controllers\Home->index()
 7 SYSTEMPATH\CodeIgniter.php(497): CodeIgniter\CodeIgniter->runController(Object(App\Controllers\Home))
 8 SYSTEMPATH\CodeIgniter.php(366): CodeIgniter\CodeIgniter->handleRequest(null, Object(Config\Cache), false)
 9 FCPATH\index.php(67): CodeIgniter\CodeIgniter->run()
10 SYSTEMPATH\Commands\Server\rewrite.php(47): require_once('E:\\xampp\\htdocs\\BPSI\\public\\index.php')
CRITICAL - 2023-08-06 06:53:44 --> Undefined array key "kualitas_limbah"
in APPPATH\Views\index.php on line 22.
 1 APPPATH\Views\index.php(22): CodeIgniter\Debug\Exceptions->errorHandler(2, 'Undefined array key "kualitas_limbah"', 'E:\\xampp\\htdocs\\BPSI\\app\\Views\\index.php', 22)
 2 SYSTEMPATH\View\View.php(224): include('E:\\xampp\\htdocs\\BPSI\\app\\Views\\index.php')
 3 SYSTEMPATH\View\View.php(227): CodeIgniter\View\View->CodeIgniter\View\{closure}()
 4 SYSTEMPATH\Common.php(1176): CodeIgniter\View\View->render('index', [], true)
 5 APPPATH\Controllers\Home.php(15): view('index', [...])
 6 SYSTEMPATH\CodeIgniter.php(932): App\Controllers\Home->index()
 7 SYSTEMPATH\CodeIgniter.php(497): CodeIgniter\CodeIgniter->runController(Object(App\Controllers\Home))
 8 SYSTEMPATH\CodeIgniter.php(366): CodeIgniter\CodeIgniter->handleRequest(null, Object(Config\Cache), false)
 9 FCPATH\index.php(67): CodeIgniter\CodeIgniter->run()
10 SYSTEMPATH\Commands\Server\rewrite.php(47): require_once('E:\\xampp\\htdocs\\BPSI\\public\\index.php')
CRITICAL - 2023-08-06 06:53:44 --> Undefined array key "kualitas_limbah"
in APPPATH\Views\index.php on line 22.
 1 APPPATH\Views\index.php(22): CodeIgniter\Debug\Exceptions->errorHandler(2, 'Undefined array key "kualitas_limbah"', 'E:\\xampp\\htdocs\\BPSI\\app\\Views\\index.php', 22)
 2 SYSTEMPATH\View\View.php(224): include('E:\\xampp\\htdocs\\BPSI\\app\\Views\\index.php')
 3 SYSTEMPATH\View\View.php(227): CodeIgniter\View\View->CodeIgniter\View\{closure}()
 4 SYSTEMPATH\Common.php(1176): CodeIgniter\View\View->render('index', [], true)
 5 APPPATH\Controllers\Home.php(15): view('index', [...])
 6 SYSTEMPATH\CodeIgniter.php(932): App\Controllers\Home->index()
 7 SYSTEMPATH\CodeIgniter.php(497): CodeIgniter\CodeIgniter->runController(Object(App\Controllers\Home))
 8 SYSTEMPATH\CodeIgniter.php(366): CodeIgniter\CodeIgniter->handleRequest(null, Object(Config\Cache), false)
 9 FCPATH\index.php(67): CodeIgniter\CodeIgniter->run()
10 SYSTEMPATH\Commands\Server\rewrite.php(47): require_once('E:\\xampp\\htdocs\\BPSI\\public\\index.php')
CRITICAL - 2023-08-06 06:53:44 --> Undefined array key "kualitas_limbah"
in APPPATH\Views\index.php on line 22.
 1 APPPATH\Views\index.php(22): CodeIgniter\Debug\Exceptions->errorHandler(2, 'Undefined array key "kualitas_limbah"', 'E:\\xampp\\htdocs\\BPSI\\app\\Views\\index.php', 22)
 2 SYSTEMPATH\View\View.php(224): include('E:\\xampp\\htdocs\\BPSI\\app\\Views\\index.php')
 3 SYSTEMPATH\View\View.php(227): CodeIgniter\View\View->CodeIgniter\View\{closure}()
 4 SYSTEMPATH\Common.php(1176): CodeIgniter\View\View->render('index', [], true)
 5 APPPATH\Controllers\Home.php(15): view('index', [...])
 6 SYSTEMPATH\CodeIgniter.php(932): App\Controllers\Home->index()
 7 SYSTEMPATH\CodeIgniter.php(497): CodeIgniter\CodeIgniter->runController(Object(App\Controllers\Home))
 8 SYSTEMPATH\CodeIgniter.php(366): CodeIgniter\CodeIgniter->handleRequest(null, Object(Config\Cache), false)
 9 FCPATH\index.php(67): CodeIgniter\CodeIgniter->run()
10 SYSTEMPATH\Commands\Server\rewrite.php(47): require_once('E:\\xampp\\htdocs\\BPSI\\public\\index.php')
CRITICAL - 2023-08-06 06:56:29 --> Undefined array key "kualitas_limbah"
in APPPATH\Views\index.php on line 22.
 1 APPPATH\Views\index.php(22): CodeIgniter\Debug\Exceptions->errorHandler(2, 'Undefined array key "kualitas_limbah"', 'E:\\xampp\\htdocs\\BPSI\\app\\Views\\index.php', 22)
 2 SYSTEMPATH\View\View.php(224): include('E:\\xampp\\htdocs\\BPSI\\app\\Views\\index.php')
 3 SYSTEMPATH\View\View.php(227): CodeIgniter\View\View->CodeIgniter\View\{closure}()
 4 SYSTEMPATH\Common.php(1176): CodeIgniter\View\View->render('index', [], true)
 5 APPPATH\Controllers\Home.php(15): view('index', [...])
 6 SYSTEMPATH\CodeIgniter.php(932): App\Controllers\Home->index()
 7 SYSTEMPATH\CodeIgniter.php(497): CodeIgniter\CodeIgniter->runController(Object(App\Controllers\Home))
 8 SYSTEMPATH\CodeIgniter.php(366): CodeIgniter\CodeIgniter->handleRequest(null, Object(Config\Cache), false)
 9 FCPATH\index.php(67): CodeIgniter\CodeIgniter->run()
10 SYSTEMPATH\Commands\Server\rewrite.php(47): require_once('E:\\xampp\\htdocs\\BPSI\\public\\index.php')
CRITICAL - 2023-08-06 06:56:53 --> Undefined array key "ph"
in APPPATH\Views\index.php on line 23.
 1 APPPATH\Views\index.php(23): CodeIgniter\Debug\Exceptions->errorHandler(2, 'Undefined array key "ph"', 'E:\\xampp\\htdocs\\BPSI\\app\\Views\\index.php', 23)
 2 SYSTEMPATH\View\View.php(224): include('E:\\xampp\\htdocs\\BPSI\\app\\Views\\index.php')
 3 SYSTEMPATH\View\View.php(227): CodeIgniter\View\View->CodeIgniter\View\{closure}()
 4 SYSTEMPATH\Common.php(1176): CodeIgniter\View\View->render('index', [], true)
 5 APPPATH\Controllers\Home.php(15): view('index', [...])
 6 SYSTEMPATH\CodeIgniter.php(932): App\Controllers\Home->index()
 7 SYSTEMPATH\CodeIgniter.php(497): CodeIgniter\CodeIgniter->runController(Object(App\Controllers\Home))
 8 SYSTEMPATH\CodeIgniter.php(366): CodeIgniter\CodeIgniter->handleRequest(null, Object(Config\Cache), false)
 9 FCPATH\index.php(67): CodeIgniter\CodeIgniter->run()
10 SYSTEMPATH\Commands\Server\rewrite.php(47): require_once('E:\\xampp\\htdocs\\BPSI\\public\\index.php')
CRITICAL - 2023-08-06 06:58:45 --> Undefined array key "kualitas_limbah"
in APPPATH\Views\index.php on line 22.
 1 APPPATH\Views\index.php(22): CodeIgniter\Debug\Exceptions->errorHandler(2, 'Undefined array key "kualitas_limbah"', 'E:\\xampp\\htdocs\\BPSI\\app\\Views\\index.php', 22)
 2 SYSTEMPATH\View\View.php(224): include('E:\\xampp\\htdocs\\BPSI\\app\\Views\\index.php')
 3 SYSTEMPATH\View\View.php(227): CodeIgniter\View\View->CodeIgniter\View\{closure}()
 4 SYSTEMPATH\Common.php(1176): CodeIgniter\View\View->render('index', [], true)
 5 APPPATH\Controllers\Home.php(15): view('index', [...])
 6 SYSTEMPATH\CodeIgniter.php(932): App\Controllers\Home->index()
 7 SYSTEMPATH\CodeIgniter.php(497): CodeIgniter\CodeIgniter->runController(Object(App\Controllers\Home))
 8 SYSTEMPATH\CodeIgniter.php(366): CodeIgniter\CodeIgniter->handleRequest(null, Object(Config\Cache), false)
 9 FCPATH\index.php(67): CodeIgniter\CodeIgniter->run()
10 SYSTEMPATH\Commands\Server\rewrite.php(47): require_once('E:\\xampp\\htdocs\\BPSI\\public\\index.php')
